TN:
SF:src\config\database.ts
FN:41,(anonymous_0)
FN:46,(anonymous_1)
FNF:2
FNH:0
FNDA:0,(anonymous_0)
FNDA:0,(anonymous_1)
DA:1,0
DA:23,0
DA:41,0
DA:42,0
DA:46,0
DA:47,0
DA:48,0
DA:49,0
DA:51,0
DA:55,0
LF:10
LH:0
BRDA:25,0,0,0
BRDA:25,0,1,0
BRF:2
BRH:0
end_of_record
TN:
SF:src\config\sentry.config.ts
FN:19,initializeSentry
FN:55,(anonymous_10)
FN:90,captureError
FN:101,captureMessage
FN:113,setUserContext
FN:124,clearUserContext
FN:132,addBreadcrumb
FN:144,startSpan
FN:155,setupExpressErrorHandler
FN:164,setupExpressErrorCatcher
FN:173,closeSentry
FNF:11
FNH:0
FNDA:0,initializeSentry
FNDA:0,(anonymous_10)
FNDA:0,captureError
FNDA:0,captureMessage
FNDA:0,setUserContext
FNDA:0,clearUserContext
FNDA:0,addBreadcrumb
FNDA:0,startSpan
FNDA:0,setupExpressErrorHandler
FNDA:0,setupExpressErrorCatcher
FNDA:0,closeSentry
DA:12,0
DA:13,0
DA:19,0
DA:21,0
DA:22,0
DA:24,0
DA:25,0
DA:26,0
DA:27,0
DA:30,0
DA:57,0
DA:58,0
DA:62,0
DA:63,0
DA:64,0
DA:67,0
DA:81,0
DA:90,0
DA:91,0
DA:101,0
DA:102,0
DA:113,0
DA:114,0
DA:124,0
DA:125,0
DA:132,0
DA:133,0
DA:144,0
DA:145,0
DA:155,0
DA:157,0
DA:164,0
DA:173,0
DA:174,0
DA:175,0
LF:35
LH:0
BRDA:24,0,0,0
BRDA:24,0,1,0
BRDA:34,1,0,0
BRDA:34,1,1,0
BRDA:38,2,0,0
BRDA:38,2,1,0
BRDA:43,3,0,0
BRDA:43,3,1,0
BRDA:46,4,0,0
BRDA:46,4,1,0
BRDA:57,5,0,0
BRDA:57,5,1,0
BRDA:62,6,0,0
BRDA:62,6,1,0
BRDA:62,7,0,0
BRDA:62,7,1,0
BRDA:83,8,0,0
BRDA:83,8,1,0
BRDA:101,9,0,0
BRF:19
BRH:0
end_of_record
TN:
SF:src\config\socket.config.ts
FN:10,(anonymous_1)
FN:65,(anonymous_2)
FN:80,(anonymous_3)
FN:102,(anonymous_4)
FN:119,(anonymous_5)
FN:129,(anonymous_6)
FN:138,(anonymous_7)
FN:144,(anonymous_8)
FN:149,(anonymous_9)
FN:162,(anonymous_10)
FN:172,(anonymous_11)
FN:183,(anonymous_12)
FN:193,(anonymous_13)
FN:203,(anonymous_14)
FNF:14
FNH:0
FNDA:0,(anonymous_1)
FNDA:0,(anonymous_2)
FNDA:0,(anonymous_3)
FNDA:0,(anonymous_4)
FNDA:0,(anonymous_5)
FNDA:0,(anonymous_6)
FNDA:0,(anonymous_7)
FNDA:0,(anonymous_8)
FNDA:0,(anonymous_9)
FNDA:0,(anonymous_10)
FNDA:0,(anonymous_11)
FNDA:0,(anonymous_12)
FNDA:0,(anonymous_13)
FNDA:0,(anonymous_14)
DA:2,0
DA:3,0
DA:4,0
DA:6,0
DA:7,0
DA:10,0
DA:12,0
DA:13,0
DA:16,0
DA:17,0
DA:18,0
DA:19,0
DA:20,0
DA:23,0
DA:24,0
DA:25,0
DA:28,0
DA:29,0
DA:32,0
DA:33,0
DA:36,0
DA:37,0
DA:38,0
DA:41,0
DA:42,0
DA:59,0
DA:65,0
DA:66,0
DA:80,0
DA:81,0
DA:83,0
DA:84,0
DA:87,0
DA:88,0
DA:91,0
DA:92,0
DA:93,0
DA:95,0
DA:97,0
DA:102,0
DA:103,0
DA:106,0
DA:107,0
DA:108,0
DA:112,0
DA:113,0
DA:114,0
DA:115,0
DA:119,0
DA:120,0
DA:121,0
DA:122,0
DA:123,0
DA:125,0
DA:129,0
DA:130,0
DA:131,0
DA:132,0
DA:134,0
DA:138,0
DA:139,0
DA:140,0
DA:144,0
DA:145,0
DA:149,0
DA:150,0
DA:151,0
DA:155,0
DA:156,0
DA:162,0
DA:163,0
DA:164,0
DA:166,0
DA:172,0
DA:173,0
DA:175,0
DA:176,0
DA:177,0
DA:183,0
DA:184,0
DA:186,0
DA:187,0
DA:193,0
DA:194,0
DA:196,0
DA:197,0
DA:203,0
DA:204,0
LF:88
LH:0
BRDA:6,0,0,0
BRDA:6,0,1,0
BRDA:7,1,0,0
BRDA:7,1,1,0
BRDA:10,2,0,0
BRDA:10,2,1,0
BRDA:81,3,0,0
BRDA:81,3,1,0
BRDA:83,4,0,0
BRDA:83,4,1,0
BRDA:106,5,0,0
BRDA:106,5,1,0
BRDA:112,6,0,0
BRDA:112,6,1,0
BRDA:112,7,0,0
BRDA:112,7,1,0
BRDA:120,8,0,0
BRDA:120,8,1,0
BRDA:120,9,0,0
BRDA:120,9,1,0
BRDA:130,10,0,0
BRDA:130,10,1,0
BRDA:163,11,0,0
BRDA:163,11,1,0
BRDA:173,12,0,0
BRDA:173,12,1,0
BRDA:184,13,0,0
BRDA:184,13,1,0
BRDA:194,14,0,0
BRDA:194,14,1,0
BRF:30
BRH:0
end_of_record
TN:
SF:src\controllers\admin.controller.ts
FN:11,(anonymous_1)
FN:70,(anonymous_2)
FN:136,(anonymous_3)
FN:168,(anonymous_4)
FN:262,(anonymous_5)
FN:288,(anonymous_6)
FN:317,(anonymous_7)
FN:328,(anonymous_8)
FN:348,(anonymous_9)
FN:395,(anonymous_10)
FN:440,(anonymous_11)
FN:473,(anonymous_12)
FN:483,(anonymous_13)
FN:506,(anonymous_14)
FN:564,(anonymous_15)
FN:590,(anonymous_16)
FN:594,(anonymous_17)
FN:615,(anonymous_18)
FNF:18
FNH:0
FNDA:0,(anonymous_1)
FNDA:0,(anonymous_2)
FNDA:0,(anonymous_3)
FNDA:0,(anonymous_4)
FNDA:0,(anonymous_5)
FNDA:0,(anonymous_6)
FNDA:0,(anonymous_7)
FNDA:0,(anonymous_8)
FNDA:0,(anonymous_9)
FNDA:0,(anonymous_10)
FNDA:0,(anonymous_11)
FNDA:0,(anonymous_12)
FNDA:0,(anonymous_13)
FNDA:0,(anonymous_14)
FNDA:0,(anonymous_15)
FNDA:0,(anonymous_16)
FNDA:0,(anonymous_17)
FNDA:0,(anonymous_18)
DA:2,0
DA:3,0
DA:11,0
DA:12,0
DA:13,0
DA:14,0
DA:15,0
DA:16,0
DA:17,0
DA:29,0
DA:40,0
DA:60,0
DA:61,0
DA:70,0
DA:71,0
DA:72,0
DA:74,0
DA:75,0
DA:78,0
DA:79,0
DA:85,0
DA:86,0
DA:92,0
DA:95,0
DA:97,0
DA:98,0
DA:106,0
DA:107,0
DA:108,0
DA:109,0
DA:110,0
DA:111,0
DA:112,0
DA:116,0
DA:133,0
DA:136,0
DA:162,0
DA:163,0
DA:168,0
DA:169,0
DA:170,0
DA:172,0
DA:188,0
DA:189,0
DA:193,0
DA:199,0
DA:208,0
DA:209,0
DA:210,0
DA:211,0
DA:212,0
DA:213,0
DA:214,0
DA:215,0
DA:216,0
DA:217,0
DA:218,0
DA:219,0
DA:223,0
DA:256,0
DA:257,0
DA:262,0
DA:263,0
DA:264,0
DA:265,0
DA:267,0
DA:268,0
DA:269,0
DA:272,0
DA:277,0
DA:282,0
DA:283,0
DA:288,0
DA:289,0
DA:290,0
DA:292,0
DA:293,0
DA:294,0
DA:297,0
DA:302,0
DA:307,0
DA:308,0
DA:317,0
DA:318,0
DA:319,0
DA:326,0
DA:328,0
DA:342,0
DA:343,0
DA:348,0
DA:349,0
DA:350,0
DA:352,0
DA:353,0
DA:357,0
DA:360,0
DA:362,0
DA:374,0
DA:389,0
DA:390,0
DA:395,0
DA:396,0
DA:397,0
DA:398,0
DA:400,0
DA:401,0
DA:402,0
DA:405,0
DA:406,0
DA:407,0
DA:408,0
DA:409,0
DA:410,0
DA:411,0
DA:412,0
DA:414,0
DA:419,0
DA:434,0
DA:435,0
DA:440,0
DA:441,0
DA:442,0
DA:444,0
DA:449,0
DA:450,0
DA:453,0
DA:454,0
DA:460,0
DA:462,0
DA:467,0
DA:468,0
DA:473,0
DA:474,0
DA:475,0
DA:477,0
DA:478,0
DA:482,0
DA:484,0
DA:491,0
DA:496,0
DA:497,0
DA:506,0
DA:507,0
DA:508,0
DA:510,0
DA:511,0
DA:514,0
DA:523,0
DA:532,0
DA:550,0
DA:553,0
DA:554,0
DA:556,0
DA:565,0
DA:566,0
DA:580,0
DA:581,0
DA:590,0
DA:591,0
DA:592,0
DA:594,0
DA:595,0
DA:596,0
DA:599,0
DA:609,0
DA:610,0
DA:615,0
DA:616,0
DA:617,0
DA:619,0
DA:620,0
DA:624,0
DA:625,0
DA:632,0
DA:637,0
DA:638,0
LF:176
LH:0
BRDA:72,0,0,0
BRDA:72,1,0,0
BRDA:78,2,0,0
BRDA:78,2,1,0
BRDA:78,3,0,0
BRDA:78,3,1,0
BRDA:85,4,0,0
BRDA:85,4,1,0
BRDA:85,5,0,0
BRDA:85,5,1,0
BRDA:85,5,2,0
BRDA:97,6,0,0
BRDA:97,6,1,0
BRDA:106,7,0,0
BRDA:106,7,1,0
BRDA:109,8,0,0
BRDA:109,8,1,0
BRDA:111,9,0,0
BRDA:111,9,1,0
BRDA:146,10,0,0
BRDA:146,10,1,0
BRDA:188,11,0,0
BRDA:188,11,1,0
BRDA:210,12,0,0
BRDA:210,12,1,0
BRDA:212,13,0,0
BRDA:212,13,1,0
BRDA:214,14,0,0
BRDA:214,14,1,0
BRDA:216,15,0,0
BRDA:216,15,1,0
BRDA:218,16,0,0
BRDA:218,16,1,0
BRDA:238,17,0,0
BRDA:238,17,1,0
BRDA:239,18,0,0
BRDA:239,18,1,0
BRDA:245,19,0,0
BRDA:245,19,1,0
BRDA:268,20,0,0
BRDA:268,20,1,0
BRDA:293,21,0,0
BRDA:293,21,1,0
BRDA:350,22,0,0
BRDA:352,23,0,0
BRDA:352,23,1,0
BRDA:352,24,0,0
BRDA:352,24,1,0
BRDA:352,24,2,0
BRDA:360,25,0,0
BRDA:360,25,1,0
BRDA:368,26,0,0
BRDA:368,26,1,0
BRDA:401,27,0,0
BRDA:401,27,1,0
BRDA:406,28,0,0
BRDA:406,28,1,0
BRDA:407,29,0,0
BRDA:407,29,1,0
BRDA:408,30,0,0
BRDA:408,30,1,0
BRDA:409,31,0,0
BRDA:409,31,1,0
BRDA:410,32,0,0
BRDA:410,32,1,0
BRDA:411,33,0,0
BRDA:411,33,1,0
BRDA:412,34,0,0
BRDA:412,34,1,0
BRDA:449,35,0,0
BRDA:449,35,1,0
BRDA:453,36,0,0
BRDA:453,36,1,0
BRDA:477,37,0,0
BRDA:477,37,1,0
BRDA:510,38,0,0
BRDA:510,38,1,0
BRDA:511,39,0,0
BRDA:511,39,1,0
BRDA:550,40,0,0
BRDA:550,40,1,0
BRDA:602,41,0,0
BRDA:602,41,1,0
BRDA:603,42,0,0
BRDA:603,42,1,0
BRDA:604,43,0,0
BRDA:604,43,1,0
BRDA:605,44,0,0
BRDA:605,44,1,0
BRDA:619,45,0,0
BRDA:619,45,1,0
BRF:91
BRH:0
end_of_record
TN:
SF:src\controllers\appointment.controller.ts
FN:27,(anonymous_1)
FN:52,(anonymous_2)
FN:147,(anonymous_3)
FN:261,(anonymous_4)
FN:266,(anonymous_5)
FN:291,(anonymous_6)
FN:307,(anonymous_7)
FN:314,(anonymous_8)
FN:321,(anonymous_9)
FN:331,(anonymous_10)
FN:429,(anonymous_11)
FN:526,(anonymous_12)
FN:593,(anonymous_13)
FN:601,(anonymous_14)
FN:608,(anonymous_15)
FN:634,(anonymous_16)
FNF:16
FNH:0
FNDA:0,(anonymous_1)
FNDA:0,(anonymous_2)
FNDA:0,(anonymous_3)
FNDA:0,(anonymous_4)
FNDA:0,(anonymous_5)
FNDA:0,(anonymous_6)
FNDA:0,(anonymous_7)
FNDA:0,(anonymous_8)
FNDA:0,(anonymous_9)
FNDA:0,(anonymous_10)
FNDA:0,(anonymous_11)
FNDA:0,(anonymous_12)
FNDA:0,(anonymous_13)
FNDA:0,(anonymous_14)
FNDA:0,(anonymous_15)
FNDA:0,(anonymous_16)
DA:2,0
DA:3,0
DA:5,0
DA:6,0
DA:12,0
DA:16,0
DA:17,0
DA:18,0
DA:27,0
DA:28,0
DA:29,0
DA:30,0
DA:31,0
DA:33,0
DA:52,0
DA:53,0
DA:55,0
DA:68,0
DA:78,0
DA:81,0
DA:95,0
DA:96,0
DA:103,0
DA:106,0
DA:109,0
DA:110,0
DA:112,0
DA:113,0
DA:114,0
DA:115,0
DA:116,0
DA:118,0
DA:121,0
DA:127,0
DA:128,0
DA:135,0
DA:136,0
DA:147,0
DA:149,0
DA:160,0
DA:161,0
DA:165,0
DA:172,0
DA:173,0
DA:177,0
DA:178,0
DA:186,0
DA:187,0
DA:191,0
DA:198,0
DA:199,0
DA:211,0
DA:223,0
DA:224,0
DA:226,0
DA:227,0
DA:228,0
DA:231,0
DA:232,0
DA:235,0
DA:236,0
DA:240,0
DA:241,0
DA:244,0
DA:259,0
DA:260,0
DA:261,0
DA:264,0
DA:265,0
DA:266,0
DA:275,0
DA:285,0
DA:286,0
DA:292,0
DA:297,0
DA:308,0
DA:312,0
DA:315,0
DA:319,0
DA:322,0
DA:326,0
DA:332,0
DA:336,0
DA:347,0
DA:354,0
DA:355,0
DA:362,0
DA:391,0
DA:394,0
DA:395,0
DA:396,0
DA:401,0
DA:402,0
DA:407,0
DA:408,0
DA:413,0
DA:414,0
DA:421,0
DA:429,0
DA:430,0
DA:431,0
DA:432,0
DA:434,0
DA:435,0
DA:441,0
DA:462,0
DA:463,0
DA:470,0
DA:471,0
DA:478,0
DA:486,0
DA:490,0
DA:517,0
DA:518,0
DA:526,0
DA:527,0
DA:528,0
DA:529,0
DA:531,0
DA:532,0
DA:539,0
DA:550,0
DA:551,0
DA:558,0
DA:559,0
DA:566,0
DA:567,0
DA:574,0
DA:585,0
DA:588,0
DA:589,0
DA:594,0
DA:599,0
DA:602,0
DA:606,0
DA:609,0
DA:612,0
DA:621,0
DA:622,0
DA:634,0
DA:635,0
DA:636,0
DA:637,0
DA:639,0
DA:640,0
DA:646,0
DA:647,0
DA:654,0
DA:674,0
DA:675,0
DA:682,0
DA:683,0
DA:690,0
DA:691,0
DA:698,0
DA:699,0
DA:706,0
DA:707,0
DA:714,0
DA:723,0
DA:734,0
DA:735,0
LF:162
LH:0
BRDA:95,0,0,0
BRDA:95,0,1,0
BRDA:95,1,0,0
BRDA:95,1,1,0
BRDA:95,1,2,0
BRDA:106,2,0,0
BRDA:106,2,1,0
BRDA:127,3,0,0
BRDA:127,3,1,0
BRDA:135,4,0,0
BRDA:135,4,1,0
BRDA:160,5,0,0
BRDA:160,5,1,0
BRDA:172,6,0,0
BRDA:172,6,1,0
BRDA:186,7,0,0
BRDA:186,7,1,0
BRDA:198,8,0,0
BRDA:198,8,1,0
BRDA:233,9,0,0
BRDA:233,9,1,0
BRDA:235,10,0,0
BRDA:235,10,1,0
BRDA:240,11,0,0
BRDA:240,11,1,0
BRDA:241,12,0,0
BRDA:241,12,1,0
BRDA:253,13,0,0
BRDA:253,13,1,0
BRDA:254,14,0,0
BRDA:254,14,1,0
BRDA:259,15,0,0
BRDA:259,15,1,0
BRDA:259,16,0,0
BRDA:259,16,1,0
BRDA:261,17,0,0
BRDA:261,17,1,0
BRDA:264,18,0,0
BRDA:264,18,1,0
BRDA:285,19,0,0
BRDA:285,19,1,0
BRDA:379,20,0,0
BRDA:379,20,1,0
BRDA:394,21,0,0
BRDA:394,21,1,0
BRDA:395,22,0,0
BRDA:395,22,1,0
BRDA:401,23,0,0
BRDA:401,23,1,0
BRDA:407,24,0,0
BRDA:407,24,1,0
BRDA:413,25,0,0
BRDA:413,25,1,0
BRDA:434,26,0,0
BRDA:434,26,1,0
BRDA:462,27,0,0
BRDA:462,27,1,0
BRDA:470,28,0,0
BRDA:470,28,1,0
BRDA:470,29,0,0
BRDA:470,29,1,0
BRDA:486,30,0,0
BRDA:486,30,1,0
BRDA:511,31,0,0
BRDA:511,31,1,0
BRDA:531,32,0,0
BRDA:531,32,1,0
BRDA:531,33,0,0
BRDA:531,33,1,0
BRDA:550,34,0,0
BRDA:550,34,1,0
BRDA:558,35,0,0
BRDA:558,35,1,0
BRDA:566,36,0,0
BRDA:566,36,1,0
BRDA:579,37,0,0
BRDA:579,37,1,0
BRDA:588,38,0,0
BRDA:588,38,1,0
BRDA:639,39,0,0
BRDA:639,39,1,0
BRDA:646,40,0,0
BRDA:646,40,1,0
BRDA:674,41,0,0
BRDA:674,41,1,0
BRDA:682,42,0,0
BRDA:682,42,1,0
BRDA:690,43,0,0
BRDA:690,43,1,0
BRDA:690,44,0,0
BRDA:690,44,1,0
BRDA:698,45,0,0
BRDA:698,45,1,0
BRDA:706,46,0,0
BRDA:706,46,1,0
BRF:95
BRH:0
end_of_record
TN:
SF:src\controllers\auth.controller.ts
FN:11,(anonymous_1)
FN:80,(anonymous_2)
FN:99,(anonymous_3)
FN:161,(anonymous_4)
FNF:4
FNH:0
FNDA:0,(anonymous_1)
FNDA:0,(anonymous_2)
FNDA:0,(anonymous_3)
FNDA:0,(anonymous_4)
DA:2,0
DA:3,0
DA:4,0
DA:5,0
DA:6,0
DA:11,0
DA:12,0
DA:14,0
DA:17,0
DA:22,0
DA:23,0
DA:27,0
DA:31,0
DA:32,0
DA:36,0
DA:40,0
DA:42,0
DA:43,0
DA:47,0
DA:51,0
DA:58,0
DA:60,0
DA:71,0
DA:72,0
DA:80,0
DA:81,0
DA:84,0
DA:89,0
DA:90,0
DA:99,0
DA:100,0
DA:101,0
DA:103,0
DA:104,0
DA:108,0
DA:111,0
DA:118,0
DA:119,0
DA:123,0
DA:127,0
DA:130,0
DA:132,0
DA:133,0
DA:138,0
DA:142,0
DA:145,0
DA:150,0
DA:151,0
DA:161,0
DA:162,0
DA:165,0
DA:168,0
DA:172,0
DA:173,0
DA:177,0
DA:181,0
DA:184,0
DA:193,0
DA:195,0
DA:201,0
DA:202,0
LF:61
LH:0
BRDA:22,0,0,0
BRDA:22,0,1,0
BRDA:22,1,0,0
BRDA:22,1,1,0
BRDA:31,2,0,0
BRDA:31,2,1,0
BRDA:42,3,0,0
BRDA:42,3,1,0
BRDA:103,4,0,0
BRDA:103,4,1,0
BRDA:118,5,0,0
BRDA:118,5,1,0
BRDA:130,6,0,0
BRDA:130,6,1,0
BRDA:172,7,0,0
BRDA:172,7,1,0
BRF:16
BRH:0
end_of_record
TN:
SF:src\controllers\availability.controller.ts
FN:15,(anonymous_1)
FN:82,(anonymous_2)
FN:172,(anonymous_3)
FN:261,(anonymous_4)
FNF:4
FNH:0
FNDA:0,(anonymous_1)
FNDA:0,(anonymous_2)
FNDA:0,(anonymous_3)
FNDA:0,(anonymous_4)
DA:2,0
DA:3,0
DA:6,0
DA:15,0
DA:16,0
DA:17,0
DA:19,0
DA:20,0
DA:27,0
DA:31,0
DA:32,0
DA:39,0
DA:51,0
DA:56,0
DA:57,0
DA:65,0
DA:73,0
DA:74,0
DA:82,0
DA:83,0
DA:84,0
DA:85,0
DA:87,0
DA:88,0
DA:95,0
DA:96,0
DA:103,0
DA:105,0
DA:109,0
DA:110,0
DA:118,0
DA:122,0
DA:123,0
DA:130,0
DA:131,0
DA:136,0
DA:142,0
DA:147,0
DA:154,0
DA:155,0
DA:156,0
DA:163,0
DA:164,0
DA:172,0
DA:174,0
DA:180,0
DA:181,0
DA:206,0
DA:207,0
DA:221,0
DA:232,0
DA:237,0
DA:243,0
DA:252,0
DA:253,0
DA:261,0
DA:262,0
DA:263,0
DA:264,0
DA:266,0
DA:267,0
DA:274,0
DA:278,0
DA:279,0
DA:286,0
DA:295,0
DA:300,0
DA:301,0
LF:68
LH:0
BRDA:19,0,0,0
BRDA:19,0,1,0
BRDA:31,1,0,0
BRDA:31,1,1,0
BRDA:56,2,0,0
BRDA:56,2,1,0
BRDA:87,3,0,0
BRDA:87,3,1,0
BRDA:95,4,0,0
BRDA:95,4,1,0
BRDA:103,5,0,0
BRDA:103,5,1,0
BRDA:105,6,0,0
BRDA:105,6,1,0
BRDA:105,6,2,0
BRDA:109,7,0,0
BRDA:109,7,1,0
BRDA:122,8,0,0
BRDA:122,8,1,0
BRDA:131,9,0,0
BRDA:131,9,1,0
BRDA:132,10,0,0
BRDA:132,10,1,0
BRDA:132,10,2,0
BRDA:142,11,0,0
BRDA:142,11,1,0
BRDA:143,12,0,0
BRDA:143,12,1,0
BRDA:143,12,2,0
BRDA:155,13,0,0
BRDA:155,13,1,0
BRDA:155,14,0,0
BRDA:155,14,1,0
BRDA:163,15,0,0
BRDA:163,15,1,0
BRDA:206,16,0,0
BRDA:206,16,1,0
BRDA:240,17,0,0
BRDA:240,17,1,0
BRDA:248,18,0,0
BRDA:248,18,1,0
BRDA:266,19,0,0
BRDA:266,19,1,0
BRDA:278,20,0,0
BRDA:278,20,1,0
BRF:45
BRH:0
end_of_record
TN:
SF:src\controllers\blocked-dates.controller.ts
FN:13,(anonymous_1)
FN:61,(anonymous_2)
FN:160,(anonymous_3)
FN:237,(anonymous_4)
FN:318,(anonymous_5)
FN:323,(anonymous_6)
FN:329,(anonymous_7)
FNF:7
FNH:0
FNDA:0,(anonymous_1)
FNDA:0,(anonymous_2)
FNDA:0,(anonymous_3)
FNDA:0,(anonymous_4)
FNDA:0,(anonymous_5)
FNDA:0,(anonymous_6)
FNDA:0,(anonymous_7)
DA:2,0
DA:3,0
DA:5,0
DA:13,0
DA:14,0
DA:15,0
DA:17,0
DA:18,0
DA:25,0
DA:29,0
DA:30,0
DA:37,0
DA:47,0
DA:52,0
DA:53,0
DA:61,0
DA:62,0
DA:63,0
DA:64,0
DA:66,0
DA:67,0
DA:74,0
DA:75,0
DA:82,0
DA:83,0
DA:84,0
DA:91,0
DA:94,0
DA:95,0
DA:96,0
DA:97,0
DA:104,0
DA:108,0
DA:109,0
DA:116,0
DA:123,0
DA:124,0
DA:131,0
DA:140,0
DA:145,0
DA:151,0
DA:152,0
DA:160,0
DA:161,0
DA:162,0
DA:163,0
DA:165,0
DA:166,0
DA:172,0
DA:173,0
DA:180,0
DA:184,0
DA:185,0
DA:192,0
DA:196,0
DA:197,0
DA:204,0
DA:205,0
DA:212,0
DA:217,0
DA:223,0
DA:228,0
DA:229,0
DA:237,0
DA:238,0
DA:239,0
DA:240,0
DA:242,0
DA:243,0
DA:250,0
DA:251,0
DA:258,0
DA:259,0
DA:261,0
DA:262,0
DA:269,0
DA:270,0
DA:272,0
DA:273,0
DA:280,0
DA:281,0
DA:282,0
DA:289,0
DA:293,0
DA:294,0
DA:301,0
DA:302,0
DA:303,0
DA:304,0
DA:305,0
DA:309,0
DA:317,0
DA:318,0
DA:322,0
DA:323,0
DA:327,0
DA:328,0
DA:329,0
DA:337,0
DA:343,0
DA:344,0
LF:101
LH:0
BRDA:17,0,0,0
BRDA:17,0,1,0
BRDA:29,1,0,0
BRDA:29,1,1,0
BRDA:66,2,0,0
BRDA:66,2,1,0
BRDA:74,3,0,0
BRDA:74,3,1,0
BRDA:83,4,0,0
BRDA:83,4,1,0
BRDA:96,5,0,0
BRDA:96,5,1,0
BRDA:108,6,0,0
BRDA:108,6,1,0
BRDA:123,7,0,0
BRDA:123,7,1,0
BRDA:135,8,0,0
BRDA:135,8,1,0
BRDA:165,9,0,0
BRDA:165,9,1,0
BRDA:172,10,0,0
BRDA:172,10,1,0
BRDA:184,11,0,0
BRDA:184,11,1,0
BRDA:196,12,0,0
BRDA:196,12,1,0
BRDA:204,13,0,0
BRDA:204,13,1,0
BRDA:242,14,0,0
BRDA:242,14,1,0
BRDA:250,15,0,0
BRDA:250,15,1,0
BRDA:250,16,0,0
BRDA:250,16,1,0
BRDA:261,17,0,0
BRDA:261,17,1,0
BRDA:261,18,0,0
BRDA:261,18,1,0
BRDA:272,19,0,0
BRDA:272,19,1,0
BRDA:281,20,0,0
BRDA:281,20,1,0
BRDA:293,21,0,0
BRDA:293,21,1,0
BRDA:327,22,0,0
BRDA:327,22,1,0
BRDA:332,23,0,0
BRDA:332,23,1,0
BRF:48
BRH:0
end_of_record
TN:
SF:src\controllers\custom-form-fields.controller.ts
FN:54,(anonymous_1)
FN:89,(anonymous_2)
FN:99,(anonymous_3)
FN:116,(anonymous_4)
FN:204,(anonymous_5)
FN:318,(anonymous_6)
FN:397,(anonymous_7)
FN:446,(anonymous_8)
FN:467,(anonymous_9)
FN:482,(anonymous_10)
FN:524,(anonymous_11)
FN:533,(anonymous_12)
FNF:12
FNH:0
FNDA:0,(anonymous_1)
FNDA:0,(anonymous_2)
FNDA:0,(anonymous_3)
FNDA:0,(anonymous_4)
FNDA:0,(anonymous_5)
FNDA:0,(anonymous_6)
FNDA:0,(anonymous_7)
FNDA:0,(anonymous_8)
FNDA:0,(anonymous_9)
FNDA:0,(anonymous_10)
FNDA:0,(anonymous_11)
FNDA:0,(anonymous_12)
DA:2,0
DA:3,0
DA:5,0
DA:14,0
DA:54,0
DA:55,0
DA:56,0
DA:58,0
DA:59,0
DA:66,0
DA:70,0
DA:71,0
DA:78,0
DA:87,0
DA:89,0
DA:95,0
DA:99,0
DA:107,0
DA:108,0
DA:116,0
DA:117,0
DA:118,0
DA:119,0
DA:121,0
DA:122,0
DA:129,0
DA:130,0
DA:137,0
DA:138,0
DA:139,0
DA:146,0
DA:147,0
DA:154,0
DA:158,0
DA:159,0
DA:166,0
DA:171,0
DA:174,0
DA:186,0
DA:195,0
DA:196,0
DA:204,0
DA:205,0
DA:206,0
DA:207,0
DA:208,0
DA:210,0
DA:211,0
DA:217,0
DA:218,0
DA:225,0
DA:226,0
DA:233,0
DA:234,0
DA:241,0
DA:242,0
DA:243,0
DA:250,0
DA:251,0
DA:258,0
DA:262,0
DA:263,0
DA:270,0
DA:274,0
DA:275,0
DA:282,0
DA:283,0
DA:290,0
DA:300,0
DA:309,0
DA:310,0
DA:318,0
DA:319,0
DA:320,0
DA:321,0
DA:323,0
DA:324,0
DA:330,0
DA:331,0
DA:338,0
DA:339,0
DA:346,0
DA:350,0
DA:351,0
DA:358,0
DA:362,0
DA:363,0
DA:370,0
DA:371,0
DA:378,0
DA:383,0
DA:388,0
DA:389,0
DA:397,0
DA:398,0
DA:399,0
DA:400,0
DA:402,0
DA:403,0
DA:409,0
DA:410,0
DA:417,0
DA:421,0
DA:422,0
DA:429,0
DA:437,0
DA:438,0
DA:446,0
DA:447,0
DA:453,0
DA:456,0
DA:464,0
DA:467,0
DA:473,0
DA:474,0
DA:482,0
DA:483,0
DA:484,0
DA:486,0
DA:487,0
DA:494,0
DA:498,0
DA:499,0
DA:506,0
DA:523,0
DA:524,0
DA:533,0
DA:539,0
DA:544,0
DA:545,0
LF:130
LH:0
BRDA:58,0,0,0
BRDA:58,0,1,0
BRDA:70,1,0,0
BRDA:70,1,1,0
BRDA:121,2,0,0
BRDA:121,2,1,0
BRDA:129,3,0,0
BRDA:129,3,1,0
BRDA:129,4,0,0
BRDA:129,4,1,0
BRDA:138,5,0,0
BRDA:138,5,1,0
BRDA:138,6,0,0
BRDA:138,6,1,0
BRDA:146,7,0,0
BRDA:146,7,1,0
BRDA:146,8,0,0
BRDA:146,8,1,0
BRDA:146,8,2,0
BRDA:146,8,3,0
BRDA:158,9,0,0
BRDA:158,9,1,0
BRDA:171,10,0,0
BRDA:171,10,1,0
BRDA:178,11,0,0
BRDA:178,11,1,0
BRDA:179,12,0,0
BRDA:179,12,1,0
BRDA:181,13,0,0
BRDA:181,13,1,0
BRDA:210,14,0,0
BRDA:210,14,1,0
BRDA:217,15,0,0
BRDA:217,15,1,0
BRDA:225,16,0,0
BRDA:225,16,1,0
BRDA:233,17,0,0
BRDA:233,17,1,0
BRDA:233,18,0,0
BRDA:233,18,1,0
BRDA:242,19,0,0
BRDA:242,19,1,0
BRDA:242,20,0,0
BRDA:242,20,1,0
BRDA:250,21,0,0
BRDA:250,21,1,0
BRDA:250,22,0,0
BRDA:250,22,1,0
BRDA:250,22,2,0
BRDA:250,22,3,0
BRDA:262,23,0,0
BRDA:262,23,1,0
BRDA:274,24,0,0
BRDA:274,24,1,0
BRDA:282,25,0,0
BRDA:282,25,1,0
BRDA:294,26,0,0
BRDA:294,26,1,0
BRDA:295,27,0,0
BRDA:295,27,1,0
BRDA:296,28,0,0
BRDA:296,28,1,0
BRDA:323,29,0,0
BRDA:323,29,1,0
BRDA:330,30,0,0
BRDA:330,30,1,0
BRDA:338,31,0,0
BRDA:338,31,1,0
BRDA:350,32,0,0
BRDA:350,32,1,0
BRDA:362,33,0,0
BRDA:362,33,1,0
BRDA:370,34,0,0
BRDA:370,34,1,0
BRDA:402,35,0,0
BRDA:402,35,1,0
BRDA:409,36,0,0
BRDA:409,36,1,0
BRDA:409,37,0,0
BRDA:409,37,1,0
BRDA:409,37,2,0
BRDA:421,38,0,0
BRDA:421,38,1,0
BRDA:437,39,0,0
BRDA:437,39,1,0
BRDA:486,40,0,0
BRDA:486,40,1,0
BRDA:498,41,0,0
BRDA:498,41,1,0
BRDA:498,42,0,0
BRDA:498,42,1,0
BRDA:498,42,2,0
BRF:92
BRH:0
end_of_record
TN:
SF:src\controllers\deposit-settings.controller.ts
FN:13,(anonymous_1)
FN:58,(anonymous_2)
FNF:2
FNH:0
FNDA:0,(anonymous_1)
FNDA:0,(anonymous_2)
DA:2,0
DA:3,0
DA:13,0
DA:14,0
DA:15,0
DA:17,0
DA:18,0
DA:25,0
DA:34,0
DA:35,0
DA:41,0
DA:49,0
DA:50,0
DA:58,0
DA:59,0
DA:60,0
DA:61,0
DA:63,0
DA:64,0
DA:71,0
DA:72,0
DA:79,0
DA:80,0
DA:81,0
DA:87,0
DA:88,0
DA:89,0
DA:96,0
DA:97,0
DA:105,0
DA:109,0
DA:110,0
DA:117,0
DA:129,0
DA:142,0
DA:143,0
LF:36
LH:0
BRDA:17,0,0,0
BRDA:17,0,1,0
BRDA:34,1,0,0
BRDA:34,1,1,0
BRDA:45,2,0,0
BRDA:45,2,1,0
BRDA:63,3,0,0
BRDA:63,3,1,0
BRDA:71,4,0,0
BRDA:71,4,1,0
BRDA:79,5,0,0
BRDA:79,5,1,0
BRDA:80,6,0,0
BRDA:80,6,1,0
BRDA:80,7,0,0
BRDA:80,7,1,0
BRDA:88,8,0,0
BRDA:88,8,1,0
BRDA:88,9,0,0
BRDA:88,9,1,0
BRDA:96,10,0,0
BRDA:96,10,1,0
BRDA:109,11,0,0
BRDA:109,11,1,0
BRDA:121,12,0,0
BRDA:121,12,1,0
BRDA:131,13,0,0
BRDA:131,13,1,0
BRDA:136,14,0,0
BRDA:136,14,1,0
BRF:30
BRH:0
end_of_record
TN:
SF:src\controllers\google-calendar.controller.ts
FN:19,(anonymous_1)
FN:29,(anonymous_2)
FN:71,(anonymous_3)
FN:109,(anonymous_4)
FN:153,(anonymous_5)
FN:198,(anonymous_6)
FN:246,(anonymous_7)
FN:287,(anonymous_8)
FNF:8
FNH:0
FNDA:0,(anonymous_1)
FNDA:0,(anonymous_2)
FNDA:0,(anonymous_3)
FNDA:0,(anonymous_4)
FNDA:0,(anonymous_5)
FNDA:0,(anonymous_6)
FNDA:0,(anonymous_7)
FNDA:0,(anonymous_8)
DA:2,0
DA:4,0
DA:5,0
DA:19,0
DA:20,0
DA:29,0
DA:30,0
DA:31,0
DA:33,0
DA:34,0
DA:40,0
DA:41,0
DA:42,0
DA:48,0
DA:50,0
DA:59,0
DA:60,0
DA:71,0
DA:72,0
DA:73,0
DA:75,0
DA:76,0
DA:82,0
DA:83,0
DA:84,0
DA:90,0
DA:92,0
DA:97,0
DA:98,0
DA:109,0
DA:110,0
DA:111,0
DA:113,0
DA:114,0
DA:120,0
DA:121,0
DA:127,0
DA:128,0
DA:130,0
DA:132,0
DA:133,0
DA:137,0
DA:140,0
DA:141,0
DA:143,0
DA:144,0
DA:145,0
DA:153,0
DA:154,0
DA:155,0
DA:157,0
DA:158,0
DA:164,0
DA:165,0
DA:166,0
DA:172,0
DA:174,0
DA:175,0
DA:181,0
DA:186,0
DA:187,0
DA:198,0
DA:199,0
DA:200,0
DA:202,0
DA:203,0
DA:209,0
DA:210,0
DA:211,0
DA:217,0
DA:218,0
DA:224,0
DA:226,0
DA:234,0
DA:235,0
DA:246,0
DA:247,0
DA:248,0
DA:249,0
DA:251,0
DA:252,0
DA:258,0
DA:259,0
DA:260,0
DA:271,0
DA:273,0
DA:274,0
DA:276,0
DA:277,0
DA:280,0
DA:285,0
DA:287,0
DA:296,0
DA:297,0
LF:94
LH:0
BRDA:33,0,0,0
BRDA:33,0,1,0
BRDA:41,1,0,0
BRDA:41,1,1,0
BRDA:75,2,0,0
BRDA:75,2,1,0
BRDA:83,3,0,0
BRDA:83,3,1,0
BRDA:113,4,0,0
BRDA:113,4,1,0
BRDA:113,5,0,0
BRDA:113,5,1,0
BRDA:120,6,0,0
BRDA:120,6,1,0
BRDA:120,7,0,0
BRDA:120,7,1,0
BRDA:130,8,0,0
BRDA:130,8,1,0
BRDA:132,9,0,0
BRDA:132,9,1,0
BRDA:140,10,0,0
BRDA:140,10,1,0
BRDA:144,11,0,0
BRDA:144,11,1,0
BRDA:157,12,0,0
BRDA:157,12,1,0
BRDA:165,13,0,0
BRDA:165,13,1,0
BRDA:174,14,0,0
BRDA:174,14,1,0
BRDA:202,15,0,0
BRDA:202,15,1,0
BRDA:210,16,0,0
BRDA:210,16,1,0
BRDA:217,17,0,0
BRDA:217,17,1,0
BRDA:251,18,0,0
BRDA:251,18,1,0
BRDA:259,19,0,0
BRDA:259,19,1,0
BRDA:273,20,0,0
BRDA:273,20,1,0
BRDA:273,21,0,0
BRDA:273,21,1,0
BRDA:276,22,0,0
BRDA:276,22,1,0
BRDA:276,23,0,0
BRDA:276,23,1,0
BRF:48
BRH:0
end_of_record
TN:
SF:src\controllers\professional-appointments.controller.ts
FN:17,(anonymous_1)
FN:24,(anonymous_2)
FN:113,(anonymous_3)
FN:173,(anonymous_4)
FN:261,(anonymous_5)
FN:292,(anonymous_6)
FN:371,(anonymous_7)
FN:423,(anonymous_8)
FN:495,(anonymous_9)
FN:533,(anonymous_10)
FN:617,(anonymous_11)
FNF:11
FNH:0
FNDA:0,(anonymous_1)
FNDA:0,(anonymous_2)
FNDA:0,(anonymous_3)
FNDA:0,(anonymous_4)
FNDA:0,(anonymous_5)
FNDA:0,(anonymous_6)
FNDA:0,(anonymous_7)
FNDA:0,(anonymous_8)
FNDA:0,(anonymous_9)
FNDA:0,(anonymous_10)
FNDA:0,(anonymous_11)
DA:2,0
DA:4,0
DA:5,0
DA:6,0
DA:7,0
DA:8,0
DA:9,0
DA:17,0
DA:18,0
DA:24,0
DA:25,0
DA:26,0
DA:28,0
DA:29,0
DA:35,0
DA:36,0
DA:37,0
DA:43,0
DA:52,0
DA:55,0
DA:60,0
DA:61,0
DA:63,0
DA:72,0
DA:77,0
DA:78,0
DA:80,0
DA:81,0
DA:85,0
DA:86,0
DA:87,0
DA:90,0
DA:93,0
DA:113,0
DA:151,0
DA:164,0
DA:165,0
DA:173,0
DA:174,0
DA:175,0
DA:176,0
DA:178,0
DA:179,0
DA:185,0
DA:186,0
DA:187,0
DA:193,0
DA:195,0
DA:225,0
DA:226,0
DA:233,0
DA:261,0
DA:278,0
DA:283,0
DA:284,0
DA:292,0
DA:293,0
DA:294,0
DA:295,0
DA:296,0
DA:298,0
DA:299,0
DA:305,0
DA:306,0
DA:307,0
DA:313,0
DA:316,0
DA:328,0
DA:329,0
DA:336,0
DA:337,0
DA:344,0
DA:355,0
DA:366,0
DA:367,0
DA:372,0
DA:377,0
DA:386,0
DA:393,0
DA:394,0
DA:401,0
DA:404,0
DA:414,0
DA:415,0
DA:423,0
DA:424,0
DA:425,0
DA:426,0
DA:427,0
DA:429,0
DA:430,0
DA:436,0
DA:437,0
DA:438,0
DA:444,0
DA:447,0
DA:448,0
DA:449,0
DA:456,0
DA:468,0
DA:469,0
DA:476,0
DA:477,0
DA:484,0
DA:490,0
DA:491,0
DA:496,0
DA:501,0
DA:509,0
DA:515,0
DA:524,0
DA:525,0
DA:533,0
DA:534,0
DA:535,0
DA:537,0
DA:538,0
DA:544,0
DA:545,0
DA:546,0
DA:552,0
DA:554,0
DA:555,0
DA:557,0
DA:558,0
DA:560,0
DA:561,0
DA:564,0
DA:600,0
DA:617,0
DA:628,0
DA:641,0
DA:642,0
LF:133
LH:0
BRDA:28,0,0,0
BRDA:28,0,1,0
BRDA:36,1,0,0
BRDA:36,1,1,0
BRDA:50,2,0,0
BRDA:51,3,0,0
BRDA:60,4,0,0
BRDA:60,4,1,0
BRDA:60,5,0,0
BRDA:60,5,1,0
BRDA:61,6,0,0
BRDA:61,6,1,0
BRDA:77,7,0,0
BRDA:77,7,1,0
BRDA:77,8,0,0
BRDA:77,8,1,0
BRDA:80,9,0,0
BRDA:80,9,1,0
BRDA:80,10,0,0
BRDA:80,10,1,0
BRDA:85,11,0,0
BRDA:85,11,1,0
BRDA:86,12,0,0
BRDA:86,12,1,0
BRDA:118,13,0,0
BRDA:118,13,1,0
BRDA:122,14,0,0
BRDA:122,14,1,0
BRDA:137,15,0,0
BRDA:137,15,1,0
BRDA:141,16,0,0
BRDA:141,16,1,0
BRDA:178,17,0,0
BRDA:178,17,1,0
BRDA:186,18,0,0
BRDA:186,18,1,0
BRDA:225,19,0,0
BRDA:225,19,1,0
BRDA:238,20,0,0
BRDA:238,20,1,0
BRDA:242,21,0,0
BRDA:242,21,1,0
BRDA:257,22,0,0
BRDA:257,22,1,0
BRDA:267,23,0,0
BRDA:267,23,1,0
BRDA:298,24,0,0
BRDA:298,24,1,0
BRDA:306,25,0,0
BRDA:306,25,1,0
BRDA:328,26,0,0
BRDA:328,26,1,0
BRDA:336,27,0,0
BRDA:336,27,1,0
BRDA:349,28,0,0
BRDA:349,28,1,0
BRDA:366,29,0,0
BRDA:366,29,1,0
BRDA:429,30,0,0
BRDA:429,30,1,0
BRDA:437,31,0,0
BRDA:437,31,1,0
BRDA:448,32,0,0
BRDA:448,32,1,0
BRDA:448,33,0,0
BRDA:448,33,1,0
BRDA:468,34,0,0
BRDA:468,34,1,0
BRDA:476,35,0,0
BRDA:476,35,1,0
BRDA:490,36,0,0
BRDA:490,36,1,0
BRDA:537,37,0,0
BRDA:537,37,1,0
BRDA:545,38,0,0
BRDA:545,38,1,0
BRDA:621,39,0,0
BRDA:621,39,1,0
BRF:78
BRH:0
end_of_record
TN:
SF:src\controllers\professional-auth.controller.ts
FN:14,(anonymous_1)
FN:65,(anonymous_2)
FN:71,(anonymous_3)
FN:169,(anonymous_4)
FNF:4
FNH:0
FNDA:0,(anonymous_1)
FNDA:0,(anonymous_2)
FNDA:0,(anonymous_3)
FNDA:0,(anonymous_4)
DA:2,0
DA:3,0
DA:5,0
DA:6,0
DA:8,0
DA:14,0
DA:15,0
DA:17,0
DA:20,0
DA:22,0
DA:23,0
DA:27,0
DA:31,0
DA:37,0
DA:39,0
DA:41,0
DA:42,0
DA:46,0
DA:50,0
DA:51,0
DA:55,0
DA:58,0
DA:61,0
DA:64,0
DA:65,0
DA:66,0
DA:67,0
DA:71,0
DA:72,0
DA:81,0
DA:92,0
DA:103,0
DA:126,0
DA:129,0
DA:130,0
DA:134,0
DA:141,0
DA:145,0
DA:147,0
DA:160,0
DA:161,0
DA:169,0
DA:170,0
DA:171,0
DA:173,0
DA:174,0
DA:178,0
DA:181,0
DA:200,0
DA:201,0
DA:205,0
DA:210,0
DA:212,0
DA:217,0
DA:218,0
LF:55
LH:0
BRDA:22,0,0,0
BRDA:22,0,1,0
BRDA:39,1,0,0
BRDA:39,1,1,0
BRDA:41,2,0,0
BRDA:41,2,1,0
BRDA:50,3,0,0
BRDA:50,3,1,0
BRDA:87,4,0,0
BRDA:87,4,1,0
BRDA:145,5,0,0
BRDA:145,5,1,0
BRDA:147,6,0,0
BRDA:147,6,1,0
BRDA:154,7,0,0
BRDA:154,7,1,0
BRDA:157,8,0,0
BRDA:157,8,1,0
BRDA:173,9,0,0
BRDA:173,9,1,0
BRDA:200,10,0,0
BRDA:200,10,1,0
BRF:22
BRH:0
end_of_record
TN:
SF:src\controllers\public-booking.controller.ts
FN:58,(anonymous_1)
FN:155,(anonymous_2)
FN:174,(anonymous_3)
FN:196,(anonymous_4)
FN:378,(anonymous_5)
FN:392,(anonymous_6)
FN:399,(anonymous_7)
FN:453,(anonymous_8)
FN:521,(anonymous_9)
FN:575,(anonymous_10)
FNF:10
FNH:10
FNDA:7,(anonymous_1)
FNDA:1,(anonymous_2)
FNDA:1,(anonymous_3)
FNDA:11,(anonymous_4)
FNDA:6,(anonymous_5)
FNDA:6,(anonymous_6)
FNDA:6,(anonymous_7)
FNDA:5,(anonymous_8)
FNDA:4,(anonymous_9)
FNDA:2,(anonymous_10)
DA:2,1
DA:3,1
DA:4,1
DA:18,1
DA:58,1
DA:59,7
DA:60,7
DA:62,7
DA:63,1
DA:70,6
DA:85,5
DA:86,1
DA:93,4
DA:94,2
DA:101,2
DA:106,2
DA:121,2
DA:122,2
DA:124,2
DA:136,2
DA:153,2
DA:155,1
DA:162,2
DA:174,1
DA:182,2
DA:187,1
DA:188,1
DA:196,1
DA:197,11
DA:198,11
DA:199,11
DA:201,11
DA:202,1
DA:208,10
DA:209,1
DA:216,9
DA:217,9
DA:218,1
DA:225,8
DA:226,8
DA:227,8
DA:229,8
DA:230,1
DA:237,7
DA:246,6
DA:247,0
DA:254,6
DA:261,6
DA:262,1
DA:273,5
DA:276,5
DA:285,5
DA:286,1
DA:297,4
DA:301,4
DA:304,4
DA:320,4
DA:321,4
DA:322,4
DA:323,4
DA:325,4
DA:339,4
DA:340,4
DA:347,4
DA:349,4
DA:351,4
DA:352,4
DA:355,4
DA:356,4
DA:358,4
DA:362,24
DA:365,24
DA:366,24
DA:367,24
DA:368,12
DA:369,12
DA:373,24
DA:374,0
DA:378,24
DA:379,6
DA:382,6
DA:387,24
DA:388,24
DA:389,24
DA:390,24
DA:392,24
DA:394,6
DA:399,24
DA:400,24
DA:402,24
DA:405,24
DA:406,24
DA:407,0
DA:408,0
DA:409,0
DA:410,0
DA:413,24
DA:414,24
DA:421,24
DA:422,24
DA:423,12
DA:424,12
DA:429,4
DA:439,1
DA:440,1
DA:453,1
DA:454,5
DA:455,5
DA:456,5
DA:458,5
DA:459,1
DA:466,4
DA:475,3
DA:476,1
DA:483,2
DA:484,2
DA:486,2
DA:487,2
DA:490,2
DA:497,2
DA:498,1
DA:504,1
DA:512,1
DA:513,1
DA:521,1
DA:522,4
DA:523,4
DA:524,4
DA:526,4
DA:527,1
DA:534,3
DA:539,2
DA:540,1
DA:547,1
DA:548,1
DA:550,1
DA:551,1
DA:554,1
DA:561,1
DA:566,1
DA:567,1
DA:575,1
DA:576,2
DA:577,2
DA:579,1
DA:584,1
DA:585,1
LF:147
LH:141
BRDA:62,0,0,1
BRDA:62,0,1,6
BRDA:85,1,0,1
BRDA:85,1,1,4
BRDA:93,2,0,2
BRDA:93,2,1,2
BRDA:93,3,0,4
BRDA:93,3,1,3
BRDA:171,4,0,2
BRDA:171,4,1,1
BRDA:177,5,0,1
BRDA:177,5,1,1
BRDA:201,6,0,1
BRDA:201,6,1,10
BRDA:208,7,0,1
BRDA:208,7,1,9
BRDA:208,8,0,10
BRDA:208,8,1,9
BRDA:217,9,0,1
BRDA:217,9,1,8
BRDA:229,10,0,1
BRDA:229,10,1,7
BRDA:246,11,0,0
BRDA:246,11,1,6
BRDA:246,12,0,6
BRDA:246,12,1,6
BRDA:246,12,2,6
BRDA:261,13,0,1
BRDA:261,13,1,5
BRDA:285,14,0,1
BRDA:285,14,1,4
BRDA:301,15,0,4
BRDA:301,15,1,0
BRDA:359,16,0,28
BRDA:359,16,1,4
BRDA:359,16,2,4
BRDA:373,17,0,0
BRDA:373,17,1,24
BRDA:373,18,0,24
BRDA:373,18,1,24
BRDA:373,18,2,4
BRDA:379,19,0,6
BRDA:379,19,1,0
BRDA:394,20,0,6
BRDA:394,20,1,6
BRDA:400,21,0,1
BRDA:400,21,1,23
BRDA:402,22,0,24
BRDA:402,22,1,23
BRDA:402,22,2,23
BRDA:406,23,0,0
BRDA:406,23,1,24
BRDA:413,24,0,24
BRDA:413,24,1,0
BRDA:458,25,0,1
BRDA:458,25,1,4
BRDA:458,26,0,5
BRDA:458,26,1,5
BRDA:458,26,2,5
BRDA:458,26,3,4
BRDA:475,27,0,1
BRDA:475,27,1,2
BRDA:475,28,0,3
BRDA:475,28,1,2
BRDA:475,28,2,2
BRDA:497,29,0,1
BRDA:497,29,1,1
BRDA:500,30,0,1
BRDA:500,30,1,0
BRDA:526,31,0,1
BRDA:526,31,1,3
BRDA:526,32,0,4
BRDA:526,32,1,4
BRDA:526,32,2,4
BRDA:526,32,3,3
BRDA:539,33,0,1
BRDA:539,33,1,1
BRF:77
BRH:70
end_of_record
TN:
SF:src\controllers\statistics.controller.ts
FN:10,getMyStatistics
FN:51,(anonymous_2)
FN:94,(anonymous_3)
FN:109,(anonymous_4)
FN:113,(anonymous_5)
FNF:5
FNH:0
FNDA:0,getMyStatistics
FNDA:0,(anonymous_2)
FNDA:0,(anonymous_3)
FNDA:0,(anonymous_4)
FNDA:0,(anonymous_5)
DA:2,0
DA:3,0
DA:10,0
DA:11,0
DA:12,0
DA:13,0
DA:15,0
DA:16,0
DA:20,0
DA:21,0
DA:26,0
DA:42,0
DA:51,0
DA:52,0
DA:56,0
DA:57,0
DA:59,0
DA:60,0
DA:62,0
DA:63,0
DA:65,0
DA:66,0
DA:68,0
DA:69,0
DA:74,0
DA:75,0
DA:83,0
DA:86,0
DA:87,0
DA:88,0
DA:89,0
DA:90,0
DA:94,0
DA:95,0
DA:96,0
DA:97,0
DA:98,0
DA:99,0
DA:100,0
DA:101,0
DA:102,0
DA:108,0
DA:109,0
DA:113,0
DA:115,0
DA:128,0
DA:129,0
LF:47
LH:0
BRDA:15,0,0,0
BRDA:15,0,1,0
BRDA:20,1,0,0
BRDA:20,1,1,0
BRDA:21,2,0,0
BRDA:21,2,1,0
BRDA:52,3,0,0
BRDA:52,3,1,0
BRDA:52,3,2,0
BRDA:52,3,3,0
BRDA:52,3,4,0
BRDA:52,3,5,0
BRDA:52,3,6,0
BRDA:74,4,0,0
BRDA:74,4,1,0
BRDA:97,5,0,0
BRDA:97,5,1,0
BRDA:99,6,0,0
BRDA:99,6,1,0
BRDA:101,7,0,0
BRDA:101,7,1,0
BRF:21
BRH:0
end_of_record
TN:
SF:src\controllers\subscription.controller.ts
FN:15,getPlans
FN:29,getMySubscription
FN:49,createSubscriptionPayment
FN:104,cancelMySubscription
FN:127,changePlan
FNF:5
FNH:0
FNDA:0,getPlans
FNDA:0,getMySubscription
FNDA:0,createSubscriptionPayment
FNDA:0,cancelMySubscription
FNDA:0,changePlan
DA:2,0
DA:3,0
DA:4,0
DA:15,0
DA:16,0
DA:17,0
DA:18,0
DA:20,0
DA:21,0
DA:29,0
DA:30,0
DA:31,0
DA:33,0
DA:34,0
DA:37,0
DA:38,0
DA:40,0
DA:41,0
DA:49,0
DA:50,0
DA:51,0
DA:52,0
DA:54,0
DA:55,0
DA:58,0
DA:59,0
DA:65,0
DA:66,0
DA:73,0
DA:78,0
DA:79,0
DA:82,0
DA:90,0
DA:92,0
DA:93,0
DA:104,0
DA:105,0
DA:106,0
DA:108,0
DA:109,0
DA:112,0
DA:113,0
DA:115,0
DA:116,0
DA:127,0
DA:128,0
DA:129,0
DA:130,0
DA:132,0
DA:133,0
DA:136,0
DA:137,0
DA:145,0
DA:150,0
DA:151,0
DA:154,0
DA:162,0
DA:164,0
DA:165,0
LF:59
LH:0
BRDA:33,0,0,0
BRDA:33,0,1,0
BRDA:54,1,0,0
BRDA:54,1,1,0
BRDA:58,2,0,0
BRDA:58,2,1,0
BRDA:58,3,0,0
BRDA:58,3,1,0
BRDA:65,4,0,0
BRDA:65,4,1,0
BRDA:78,5,0,0
BRDA:78,5,1,0
BRDA:95,6,0,0
BRDA:95,6,1,0
BRDA:108,7,0,0
BRDA:108,7,1,0
BRDA:118,8,0,0
BRDA:118,8,1,0
BRDA:132,9,0,0
BRDA:132,9,1,0
BRDA:136,10,0,0
BRDA:136,10,1,0
BRDA:136,11,0,0
BRDA:136,11,1,0
BRDA:150,12,0,0
BRDA:150,12,1,0
BRDA:167,13,0,0
BRDA:167,13,1,0
BRF:28
BRH:0
end_of_record
TN:
SF:src\controllers\whatsapp.controller.ts
FN:19,(anonymous_10)
FN:30,(anonymous_11)
FN:59,(anonymous_12)
FN:74,(anonymous_13)
FN:107,(anonymous_14)
FN:127,(anonymous_15)
FN:161,(anonymous_16)
FN:213,(anonymous_17)
FN:242,(anonymous_18)
FN:260,(anonymous_19)
FN:311,(anonymous_20)
FN:334,(anonymous_21)
FNF:12
FNH:0
FNDA:0,(anonymous_10)
FNDA:0,(anonymous_11)
FNDA:0,(anonymous_12)
FNDA:0,(anonymous_13)
FNDA:0,(anonymous_14)
FNDA:0,(anonymous_15)
FNDA:0,(anonymous_16)
FNDA:0,(anonymous_17)
FNDA:0,(anonymous_18)
FNDA:0,(anonymous_19)
FNDA:0,(anonymous_20)
FNDA:0,(anonymous_21)
DA:2,0
DA:3,0
DA:4,0
DA:11,0
DA:19,0
DA:20,0
DA:30,0
DA:31,0
DA:32,0
DA:33,0
DA:34,0
DA:37,0
DA:38,0
DA:39,0
DA:42,0
DA:45,0
DA:46,0
DA:56,0
DA:59,0
DA:68,0
DA:69,0
DA:74,0
DA:75,0
DA:76,0
DA:77,0
DA:78,0
DA:81,0
DA:82,0
DA:83,0
DA:86,0
DA:88,0
DA:89,0
DA:93,0
DA:94,0
DA:95,0
DA:97,0
DA:98,0
DA:102,0
DA:104,0
DA:107,0
DA:117,0
DA:118,0
DA:127,0
DA:128,0
DA:129,0
DA:130,0
DA:131,0
DA:134,0
DA:135,0
DA:136,0
DA:139,0
DA:141,0
DA:155,0
DA:156,0
DA:161,0
DA:162,0
DA:163,0
DA:164,0
DA:165,0
DA:168,0
DA:169,0
DA:170,0
DA:173,0
DA:174,0
DA:177,0
DA:178,0
DA:179,0
DA:182,0
DA:183,0
DA:186,0
DA:187,0
DA:190,0
DA:196,0
DA:207,0
DA:208,0
DA:213,0
DA:214,0
DA:215,0
DA:216,0
DA:217,0
DA:220,0
DA:221,0
DA:222,0
DA:225,0
DA:228,0
DA:229,0
DA:230,0
DA:234,0
DA:241,0
DA:242,0
DA:244,0
DA:250,0
DA:251,0
DA:260,0
DA:261,0
DA:263,0
DA:264,0
DA:265,0
DA:267,0
DA:274,0
DA:275,0
DA:276,0
DA:280,0
DA:282,0
DA:283,0
DA:286,0
DA:289,0
DA:294,0
DA:297,0
DA:298,0
DA:300,0
DA:301,0
DA:302,0
DA:311,0
DA:312,0
DA:313,0
DA:314,0
DA:317,0
DA:318,0
DA:319,0
DA:322,0
DA:323,0
DA:324,0
DA:327,0
DA:329,0
DA:330,0
DA:334,0
DA:336,0
DA:341,0
DA:342,0
DA:344,0
DA:347,0
DA:348,0
LF:133
LH:0
BRDA:33,0,0,0
BRDA:33,0,1,0
BRDA:38,1,0,0
BRDA:38,1,1,0
BRDA:45,2,0,0
BRDA:45,2,1,0
BRDA:77,3,0,0
BRDA:77,3,1,0
BRDA:82,4,0,0
BRDA:82,4,1,0
BRDA:88,5,0,0
BRDA:88,5,1,0
BRDA:94,6,0,0
BRDA:94,6,1,0
BRDA:94,7,0,0
BRDA:94,7,1,0
BRDA:97,8,0,0
BRDA:97,8,1,0
BRDA:97,9,0,0
BRDA:97,9,1,0
BRDA:130,10,0,0
BRDA:130,10,1,0
BRDA:135,11,0,0
BRDA:135,11,1,0
BRDA:164,12,0,0
BRDA:164,12,1,0
BRDA:169,13,0,0
BRDA:169,13,1,0
BRDA:178,14,0,0
BRDA:178,14,1,0
BRDA:182,15,0,0
BRDA:182,15,1,0
BRDA:182,16,0,0
BRDA:182,16,1,0
BRDA:186,17,0,0
BRDA:186,17,1,0
BRDA:216,18,0,0
BRDA:216,18,1,0
BRDA:221,19,0,0
BRDA:221,19,1,0
BRDA:229,20,0,0
BRDA:229,20,1,0
BRDA:263,21,0,0
BRDA:263,21,1,0
BRDA:268,22,0,0
BRDA:268,22,1,0
BRDA:274,23,0,0
BRDA:274,23,1,0
BRDA:282,24,0,0
BRDA:282,24,1,0
BRDA:282,25,0,0
BRDA:282,25,1,0
BRDA:313,26,0,0
BRDA:313,26,1,0
BRDA:318,27,0,0
BRDA:318,27,1,0
BRDA:323,28,0,0
BRDA:323,28,1,0
BRDA:329,29,0,0
BRDA:329,29,1,0
BRDA:341,30,0,0
BRDA:341,30,1,0
BRF:62
BRH:0
end_of_record
TN:
SF:src\middleware\cache-control.middleware.ts
FN:13,(anonymous_0)
FN:14,(anonymous_1)
FN:35,(anonymous_2)
FNF:3
FNH:0
FNDA:0,(anonymous_0)
FNDA:0,(anonymous_1)
FNDA:0,(anonymous_2)
DA:13,0
DA:14,0
DA:15,0
DA:17,0
DA:20,0
DA:24,0
DA:26,0
DA:35,0
DA:36,0
DA:37,0
DA:38,0
DA:39,0
DA:40,0
DA:44,0
DA:47,0
DA:50,0
DA:53,0
DA:56,0
DA:59,0
DA:62,0
LF:20
LH:0
BRDA:13,0,0,0
BRDA:15,1,0,0
BRDA:15,1,1,0
BRF:3
BRH:0
end_of_record
TN:
SF:src\middleware\rate-limiter.middleware.ts
FN:19,(anonymous_0)
FN:34,(anonymous_1)
FN:35,(anonymous_2)
FNF:3
FNH:0
FNDA:0,(anonymous_0)
FNDA:0,(anonymous_1)
FNDA:0,(anonymous_2)
DA:16,0
DA:19,0
DA:20,0
DA:21,0
DA:22,0
DA:23,0
DA:34,0
DA:35,0
DA:37,0
DA:38,0
DA:39,0
DA:42,0
DA:43,0
DA:48,0
DA:52,0
DA:54,0
DA:55,0
DA:56,0
DA:57,0
DA:59,0
DA:64,0
DA:68,0
DA:69,0
DA:70,0
DA:72,0
DA:81,0
DA:88,0
DA:95,0
DA:102,0
DA:109,0
LF:30
LH:0
BRDA:22,0,0,0
BRDA:22,0,1,0
BRDA:37,1,0,0
BRDA:37,1,1,0
BRDA:37,1,2,0
BRDA:42,2,0,0
BRDA:42,2,1,0
BRDA:42,3,0,0
BRDA:42,3,1,0
BRDA:52,4,0,0
BRDA:52,4,1,0
BRF:11
BRH:0
end_of_record
TN:
SF:src\middleware\request-logger.middleware.ts
FN:28,requestLoggerMiddleware
FN:50,(anonymous_1)
FNF:2
FNH:0
FNDA:0,requestLoggerMiddleware
FNDA:0,(anonymous_1)
DA:12,0
DA:13,0
DA:28,0
DA:34,0
DA:37,0
DA:40,0
DA:49,0
DA:50,0
DA:52,0
DA:55,0
DA:64,0
DA:67,0
LF:12
LH:0
BRDA:44,0,0,0
BRDA:44,0,1,0
BRDA:52,1,0,0
BRDA:52,1,1,0
BRF:4
BRH:0
end_of_record
TN:
SF:src\middleware\validation.middleware.ts
FN:14,(anonymous_0)
FN:15,(anonymous_1)
FN:27,(anonymous_2)
FN:55,(anonymous_3)
FN:56,(anonymous_4)
FN:63,(anonymous_5)
FN:90,(anonymous_6)
FN:91,(anonymous_7)
FN:98,(anonymous_8)
FNF:9
FNH:0
FNDA:0,(anonymous_0)
FNDA:0,(anonymous_1)
FNDA:0,(anonymous_2)
FNDA:0,(anonymous_3)
FNDA:0,(anonymous_4)
FNDA:0,(anonymous_5)
FNDA:0,(anonymous_6)
FNDA:0,(anonymous_7)
FNDA:0,(anonymous_8)
DA:7,0
DA:14,0
DA:15,0
DA:16,0
DA:18,0
DA:21,0
DA:23,0
DA:25,0
DA:27,0
DA:32,0
DA:37,0
DA:41,0
DA:42,0
DA:55,0
DA:56,0
DA:57,0
DA:58,0
DA:59,0
DA:60,0
DA:62,0
DA:63,0
DA:68,0
DA:73,0
DA:76,0
DA:77,0
DA:90,0
DA:91,0
DA:92,0
DA:93,0
DA:94,0
DA:95,0
DA:97,0
DA:98,0
DA:103,0
DA:108,0
DA:111,0
DA:112,0
DA:121,0
DA:125,0
DA:133,0
LF:40
LH:0
BRDA:25,0,0,0
BRDA:25,0,1,0
BRDA:62,1,0,0
BRDA:62,1,1,0
BRDA:97,2,0,0
BRDA:97,2,1,0
BRF:6
BRH:0
end_of_record
TN:
SF:src\middlewares\auth.middleware.ts
FN:31,(anonymous_0)
FN:66,(anonymous_1)
FN:79,(anonymous_2)
FN:92,(anonymous_3)
FN:105,(anonymous_4)
FN:106,(anonymous_5)
FNF:6
FNH:0
FNDA:0,(anonymous_0)
FNDA:0,(anonymous_1)
FNDA:0,(anonymous_2)
FNDA:0,(anonymous_3)
FNDA:0,(anonymous_4)
FNDA:0,(anonymous_5)
DA:2,0
DA:3,0
DA:31,0
DA:32,0
DA:33,0
DA:35,0
DA:36,0
DA:40,0
DA:43,0
DA:45,0
DA:46,0
DA:50,0
DA:53,0
DA:54,0
DA:55,0
DA:56,0
DA:62,0
DA:66,0
DA:67,0
DA:68,0
DA:72,0
DA:75,0
DA:79,0
DA:80,0
DA:81,0
DA:85,0
DA:88,0
DA:92,0
DA:93,0
DA:94,0
DA:98,0
DA:101,0
DA:105,0
DA:106,0
DA:107,0
DA:108,0
DA:112,0
DA:115,0
LF:38
LH:0
BRDA:33,0,0,0
BRDA:33,0,1,0
BRDA:35,1,0,0
BRDA:35,1,1,0
BRDA:45,2,0,0
BRDA:45,2,1,0
BRDA:67,3,0,0
BRDA:67,3,1,0
BRDA:80,4,0,0
BRDA:80,4,1,0
BRDA:93,5,0,0
BRDA:93,5,1,0
BRDA:93,6,0,0
BRDA:93,6,1,0
BRDA:107,7,0,0
BRDA:107,7,1,0
BRDA:107,8,0,0
BRDA:107,8,1,0
BRF:18
BRH:0
end_of_record
TN:
SF:src\routes\admin.routes.ts
FNF:0
FNH:0
DA:1,0
DA:2,0
DA:3,0
DA:19,0
DA:22,0
DA:23,0
DA:26,0
DA:29,0
DA:30,0
DA:31,0
DA:32,0
DA:35,0
DA:36,0
DA:37,0
DA:38,0
DA:39,0
DA:42,0
DA:45,0
DA:46,0
DA:48,0
LF:20
LH:0
BRF:0
BRH:0
end_of_record
TN:
SF:src\routes\appointment.routes.ts
FNF:0
FNH:0
DA:1,0
DA:2,0
DA:8,0
DA:9,0
DA:11,0
DA:20,0
DA:23,0
DA:26,0
DA:29,0
DA:31,0
LF:10
LH:0
BRF:0
BRH:0
end_of_record
TN:
SF:src\routes\auth.routes.ts
FNF:0
FNH:0
DA:1,0
DA:2,0
DA:8,0
DA:9,0
DA:10,0
DA:12,0
DA:15,0
DA:16,0
DA:19,0
DA:20,0
DA:22,0
LF:11
LH:0
BRF:0
BRH:0
end_of_record
TN:
SF:src\routes\availability.routes.ts
FNF:0
FNH:0
DA:1,0
DA:2,0
DA:3,0
DA:5,0
DA:8,0
DA:9,0
DA:12,0
DA:15,0
DA:18,0
DA:20,0
LF:10
LH:0
BRF:0
BRH:0
end_of_record
TN:
SF:src\routes\blocked-dates.routes.ts
FNF:0
FNH:0
DA:1,0
DA:2,0
DA:8,0
DA:10,0
DA:13,0
DA:14,0
DA:17,0
DA:20,0
DA:23,0
DA:26,0
DA:28,0
LF:11
LH:0
BRF:0
BRH:0
end_of_record
TN:
SF:src\routes\custom-form-fields.routes.ts
FNF:0
FNH:0
DA:1,0
DA:2,0
DA:10,0
DA:12,0
DA:15,0
DA:18,0
DA:19,0
DA:22,0
DA:25,0
DA:28,0
DA:31,0
DA:34,0
DA:36,0
LF:13
LH:0
BRF:0
BRH:0
end_of_record
TN:
SF:src\routes\deposit-settings.routes.ts
FNF:0
FNH:0
DA:1,0
DA:2,0
DA:6,0
DA:8,0
DA:11,0
DA:12,0
DA:15,0
DA:18,0
DA:20,0
LF:9
LH:0
BRF:0
BRH:0
end_of_record
TN:
SF:src\routes\google-calendar.routes.ts
FNF:0
FNH:0
DA:1,0
DA:2,0
DA:3,0
DA:12,0
DA:20,0
DA:23,0
DA:24,0
DA:27,0
DA:30,0
DA:33,0
DA:36,0
DA:39,0
DA:41,0
LF:13
LH:0
BRF:0
BRH:0
end_of_record
TN:
SF:src\routes\professional-appointments.routes.ts
FNF:0
FNH:0
DA:1,0
DA:2,0
DA:3,0
DA:11,0
DA:19,0
DA:20,0
DA:23,0
DA:26,0
DA:29,0
DA:32,0
DA:35,0
DA:37,0
LF:12
LH:0
BRF:0
BRH:0
end_of_record
TN:
SF:src\routes\professional-auth.routes.ts
FNF:0
FNH:0
DA:1,0
DA:2,0
DA:6,0
DA:7,0
DA:8,0
DA:10,0
DA:13,0
DA:16,0
DA:18,0
LF:9
LH:0
BRF:0
BRH:0
end_of_record
TN:
SF:src\routes\public-booking.routes.ts
FNF:0
FNH:0
DA:1,0
DA:2,0
DA:10,0
DA:18,0
DA:22,0
DA:30,0
DA:33,0
DA:36,0
DA:38,0
LF:9
LH:0
BRF:0
BRH:0
end_of_record
TN:
SF:src\routes\statistics.routes.ts
FNF:0
FNH:0
DA:1,0
DA:2,0
DA:3,0
DA:5,0
DA:8,0
DA:15,0
LF:6
LH:0
BRF:0
BRH:0
end_of_record
TN:
SF:src\routes\subscription.routes.ts
FNF:0
FNH:0
DA:1,0
DA:2,0
DA:3,0
DA:11,0
DA:18,0
DA:25,0
DA:33,0
DA:41,0
DA:49,0
DA:56,0
LF:10
LH:0
BRF:0
BRH:0
end_of_record
TN:
SF:src\routes\webhooks.routes.ts
FN:12,(anonymous_0)
FNF:1
FNH:0
FNDA:0,(anonymous_0)
DA:1,0
DA:2,0
DA:3,0
DA:4,0
DA:6,0
DA:9,0
DA:12,0
DA:13,0
DA:15,0
DA:16,0
DA:17,0
DA:18,0
DA:21,0
DA:22,0
DA:23,0
DA:30,0
DA:36,0
DA:37,0
DA:38,0
DA:44,0
DA:48,0
DA:55,0
DA:56,0
DA:58,0
DA:59,0
DA:63,0
LF:26
LH:0
BRDA:15,0,0,0
BRDA:15,0,1,0
BRDA:21,1,0,0
BRDA:21,1,1,0
BRDA:21,2,0,0
BRDA:21,2,1,0
BRDA:21,2,2,0
BRDA:36,3,0,0
BRDA:36,3,1,0
BRDA:49,4,0,0
BRDA:49,4,1,0
BRDA:50,5,0,0
BRDA:50,5,1,0
BRDA:51,6,0,0
BRDA:51,6,1,0
BRDA:52,7,0,0
BRDA:52,7,1,0
BRF:17
BRH:0
end_of_record
TN:
SF:src\routes\whatsapp.routes.ts
FNF:0
FNH:0
DA:1,0
DA:2,0
DA:3,0
DA:12,0
DA:15,0
DA:16,0
DA:19,0
DA:20,0
DA:23,0
DA:24,0
DA:25,0
DA:28,0
DA:30,0
LF:13
LH:0
BRF:0
BRH:0
end_of_record
TN:
SF:src\services\email.service.ts
FN:23,getBookingConfirmationHTML
FN:68,getReminderHTML
FN:113,getCancellationHTML
FN:156,formatDateForEmail
FN:167,formatTimeForEmail
FN:187,sendEmail
FN:217,sendBookingConfirmationEmail
FN:264,sendReminderEmail
FN:317,sendCancellationEmail
FNF:9
FNH:0
FNDA:0,getBookingConfirmationHTML
FNDA:0,getReminderHTML
FNDA:0,getCancellationHTML
FNDA:0,formatDateForEmail
FNDA:0,formatTimeForEmail
FNDA:0,sendEmail
FNDA:0,sendBookingConfirmationEmail
FNDA:0,sendReminderEmail
FNDA:0,sendCancellationEmail
DA:1,0
DA:2,0
DA:3,0
DA:6,0
DA:8,0
DA:24,0
DA:69,0
DA:114,0
DA:157,0
DA:158,0
DA:168,0
DA:169,0
DA:187,0
DA:188,0
DA:189,0
DA:190,0
DA:191,0
DA:194,0
DA:201,0
DA:202,0
DA:204,0
DA:205,0
DA:217,0
DA:218,0
DA:220,0
DA:228,0
DA:229,0
DA:230,0
DA:234,0
DA:235,0
DA:245,0
DA:251,0
DA:252,0
DA:264,0
DA:265,0
DA:267,0
DA:275,0
DA:276,0
DA:277,0
DA:281,0
DA:282,0
DA:283,0
DA:287,0
DA:288,0
DA:298,0
DA:304,0
DA:305,0
DA:317,0
DA:318,0
DA:320,0
DA:328,0
DA:329,0
DA:330,0
DA:334,0
DA:343,0
DA:349,0
DA:350,0
LF:57
LH:0
BRDA:6,0,0,0
BRDA:6,0,1,0
BRDA:8,1,0,0
BRDA:8,1,1,0
BRDA:51,2,0,0
BRDA:51,2,1,0
BRDA:96,3,0,0
BRDA:96,3,1,0
BRDA:157,4,0,0
BRDA:157,4,1,0
BRDA:168,5,0,0
BRDA:168,5,1,0
BRDA:189,6,0,0
BRDA:189,6,1,0
BRDA:228,7,0,0
BRDA:228,7,1,0
BRDA:234,8,0,0
BRDA:234,8,1,0
BRDA:275,9,0,0
BRDA:275,9,1,0
BRDA:281,10,0,0
BRDA:281,10,1,0
BRDA:281,11,0,0
BRDA:281,11,1,0
BRDA:281,11,2,0
BRDA:287,12,0,0
BRDA:287,12,1,0
BRDA:328,13,0,0
BRDA:328,13,1,0
BRF:29
BRH:0
end_of_record
TN:
SF:src\services\google-calendar.service.ts
FN:21,(anonymous_1)
FN:30,(anonymous_2)
FN:45,(anonymous_3)
FN:62,(anonymous_4)
FN:74,(anonymous_5)
FN:89,(anonymous_6)
FN:110,(anonymous_7)
FN:165,(anonymous_8)
FN:248,(anonymous_9)
FN:319,(anonymous_10)
FN:353,(anonymous_11)
FN:390,(anonymous_12)
FN:425,(anonymous_13)
FN:444,(anonymous_14)
FN:493,(anonymous_15)
FN:512,(anonymous_16)
FNF:16
FNH:0
FNDA:0,(anonymous_1)
FNDA:0,(anonymous_2)
FNDA:0,(anonymous_3)
FNDA:0,(anonymous_4)
FNDA:0,(anonymous_5)
FNDA:0,(anonymous_6)
FNDA:0,(anonymous_7)
FNDA:0,(anonymous_8)
FNDA:0,(anonymous_9)
FNDA:0,(anonymous_10)
FNDA:0,(anonymous_11)
FNDA:0,(anonymous_12)
FNDA:0,(anonymous_13)
FNDA:0,(anonymous_14)
FNDA:0,(anonymous_15)
FNDA:0,(anonymous_16)
DA:1,0
DA:2,0
DA:3,0
DA:10,0
DA:11,0
DA:12,0
DA:15,0
DA:21,0
DA:22,0
DA:30,0
DA:31,0
DA:35,0
DA:36,0
DA:39,0
DA:40,0
DA:45,0
DA:46,0
DA:47,0
DA:54,0
DA:62,0
DA:63,0
DA:65,0
DA:74,0
DA:75,0
DA:76,0
DA:77,0
DA:79,0
DA:80,0
DA:81,0
DA:85,0
DA:86,0
DA:88,0
DA:89,0
DA:90,0
DA:93,0
DA:102,0
DA:104,0
DA:105,0
DA:110,0
DA:111,0
DA:112,0
DA:122,0
DA:126,0
DA:128,0
DA:129,0
DA:139,0
DA:165,0
DA:166,0
DA:167,0
DA:172,0
DA:173,0
DA:176,0
DA:177,0
DA:180,0
DA:181,0
DA:184,0
DA:189,0
DA:208,0
DA:209,0
DA:212,0
DA:218,0
DA:221,0
DA:222,0
DA:228,0
DA:230,0
DA:231,0
DA:248,0
DA:249,0
DA:250,0
DA:254,0
DA:255,0
DA:258,0
DA:259,0
DA:262,0
DA:267,0
DA:272,0
DA:273,0
DA:276,0
DA:277,0
DA:282,0
DA:283,0
DA:284,0
DA:287,0
DA:291,0
DA:295,0
DA:301,0
DA:308,0
DA:310,0
DA:311,0
DA:319,0
DA:323,0
DA:324,0
DA:328,0
DA:329,0
DA:332,0
DA:333,0
DA:335,0
DA:341,0
DA:343,0
DA:344,0
DA:353,0
DA:354,0
DA:355,0
DA:359,0
DA:360,0
DA:363,0
DA:364,0
DA:367,0
DA:368,0
DA:369,0
DA:371,0
DA:379,0
DA:380,0
DA:383,0
DA:390,0
DA:393,0
DA:394,0
DA:397,0
DA:400,0
DA:421,0
DA:425,0
DA:426,0
DA:433,0
DA:435,0
DA:436,0
DA:444,0
DA:449,0
DA:450,0
DA:454,0
DA:455,0
DA:459,0
DA:460,0
DA:462,0
DA:464,0
DA:469,0
DA:472,0
DA:481,0
DA:493,0
DA:498,0
DA:500,0
DA:512,0
DA:517,0
DA:518,0
LF:143
LH:0
BRDA:10,0,0,0
BRDA:10,0,1,0
BRDA:11,1,0,0
BRDA:11,1,1,0
BRDA:12,2,0,0
BRDA:12,2,1,0
BRDA:35,3,0,0
BRDA:35,3,1,0
BRDA:46,4,0,0
BRDA:46,4,1,0
BRDA:79,5,0,0
BRDA:79,5,1,0
BRDA:90,6,0,0
BRDA:90,6,1,0
BRDA:172,7,0,0
BRDA:172,7,1,0
BRDA:172,8,0,0
BRDA:172,8,1,0
BRDA:181,9,0,0
BRDA:181,9,1,0
BRDA:184,10,0,0
BRDA:184,10,1,0
BRDA:194,11,0,0
BRDA:194,11,1,0
BRDA:198,12,0,0
BRDA:198,12,1,0
BRDA:200,13,0,0
BRDA:200,13,1,0
BRDA:208,14,0,0
BRDA:208,14,1,0
BRDA:221,15,0,0
BRDA:221,15,1,0
BRDA:228,16,0,0
BRDA:228,16,1,0
BRDA:254,17,0,0
BRDA:254,17,1,0
BRDA:254,18,0,0
BRDA:254,18,1,0
BRDA:272,19,0,0
BRDA:272,19,1,0
BRDA:273,20,0,0
BRDA:273,20,1,0
BRDA:276,21,0,0
BRDA:276,21,1,0
BRDA:282,22,0,0
BRDA:282,22,1,0
BRDA:282,23,0,0
BRDA:282,23,1,0
BRDA:282,23,2,0
BRDA:284,24,0,0
BRDA:284,24,1,0
BRDA:287,25,0,0
BRDA:287,25,1,0
BRDA:293,26,0,0
BRDA:293,26,1,0
BRDA:297,27,0,0
BRDA:297,27,1,0
BRDA:328,28,0,0
BRDA:328,28,1,0
BRDA:328,29,0,0
BRDA:328,29,1,0
BRDA:359,30,0,0
BRDA:359,30,1,0
BRDA:359,31,0,0
BRDA:359,31,1,0
BRDA:379,32,0,0
BRDA:379,32,1,0
BRDA:394,33,0,0
BRDA:394,33,1,0
BRDA:394,34,0,0
BRDA:394,34,1,0
BRDA:394,34,2,0
BRDA:397,35,0,0
BRDA:397,35,1,0
BRDA:410,36,0,0
BRDA:410,36,1,0
BRDA:415,37,0,0
BRDA:415,37,1,0
BRDA:454,38,0,0
BRDA:454,38,1,0
BRDA:454,39,0,0
BRDA:454,39,1,0
BRF:82
BRH:0
end_of_record
TN:
SF:src\services\mercadopago.service.ts
FN:31,createSubscriptionPreference
FN:107,createDepositPreference
FN:178,handleWebhook
FN:325,createWebhookEvent
FN:349,handleSubscriptionPayment
FN:522,handleDepositPayment
FN:586,getSubscriptionStatus
FN:616,(anonymous_8)
FN:627,cancelSubscription
FN:652,getAvailablePlans
FN:658,(anonymous_11)
FNF:11
FNH:0
FNDA:0,createSubscriptionPreference
FNDA:0,createDepositPreference
FNDA:0,handleWebhook
FNDA:0,createWebhookEvent
FNDA:0,handleSubscriptionPayment
FNDA:0,handleDepositPayment
FNDA:0,getSubscriptionStatus
FNDA:0,(anonymous_8)
FNDA:0,cancelSubscription
FNDA:0,getAvailablePlans
FNDA:0,(anonymous_11)
DA:1,0
DA:2,0
DA:3,0
DA:8,0
DA:12,0
DA:13,0
DA:16,0
DA:17,0
DA:31,0
DA:39,0
DA:43,0
DA:44,0
DA:47,0
DA:51,0
DA:54,0
DA:87,0
DA:107,0
DA:116,0
DA:121,0
DA:122,0
DA:126,0
DA:159,0
DA:178,0
DA:180,0
DA:181,0
DA:185,0
DA:188,0
DA:189,0
DA:191,0
DA:192,0
DA:196,0
DA:199,0
DA:201,0
DA:210,0
DA:211,0
DA:216,0
DA:224,0
DA:226,0
DA:227,0
DA:228,0
DA:237,0
DA:238,0
DA:241,0
DA:242,0
DA:243,0
DA:252,0
DA:253,0
DA:258,0
DA:259,0
DA:261,0
DA:262,0
DA:271,0
DA:272,0
DA:277,0
DA:278,0
DA:279,0
DA:280,0
DA:282,0
DA:286,0
DA:297,0
DA:300,0
DA:301,0
DA:304,0
DA:305,0
DA:315,0
DA:318,0
DA:335,0
DA:350,0
DA:352,0
DA:355,0
DA:358,0
DA:362,0
DA:363,0
DA:366,0
DA:367,0
DA:368,0
DA:369,0
DA:371,0
DA:375,0
DA:380,0
DA:381,0
DA:393,0
DA:406,0
DA:413,0
DA:425,0
DA:426,0
DA:433,0
DA:436,0
DA:440,0
DA:441,0
DA:452,0
DA:458,0
DA:460,0
DA:471,0
DA:475,0
DA:476,0
DA:482,0
DA:488,0
DA:490,0
DA:501,0
DA:505,0
DA:506,0
DA:512,0
DA:516,0
DA:517,0
DA:523,0
DA:525,0
DA:528,0
DA:531,0
DA:540,0
DA:541,0
DA:548,0
DA:549,0
DA:555,0
DA:556,0
DA:562,0
DA:564,0
DA:572,0
DA:576,0
DA:577,0
DA:586,0
DA:587,0
DA:598,0
DA:599,0
DA:602,0
DA:616,0
DA:627,0
DA:628,0
DA:632,0
DA:633,0
DA:637,0
DA:645,0
DA:652,0
DA:653,0
DA:658,0
LF:135
LH:0
BRDA:9,0,0,0
BRDA:9,0,1,0
BRDA:16,1,0,0
BRDA:16,1,1,0
BRDA:17,2,0,0
BRDA:17,2,1,0
BRDA:43,3,0,0
BRDA:43,3,1,0
BRDA:43,4,0,0
BRDA:43,4,1,0
BRDA:47,5,0,0
BRDA:47,5,1,0
BRDA:51,6,0,0
BRDA:51,6,1,0
BRDA:60,7,0,0
BRDA:60,7,1,0
BRDA:121,8,0,0
BRDA:121,8,1,0
BRDA:180,9,0,0
BRDA:180,9,1,0
BRDA:189,10,0,0
BRDA:189,10,1,0
BRDA:191,11,0,0
BRDA:191,11,1,0
BRDA:191,12,0,0
BRDA:191,12,1,0
BRDA:210,13,0,0
BRDA:210,13,1,0
BRDA:226,14,0,0
BRDA:226,14,1,0
BRDA:241,15,0,0
BRDA:241,15,1,0
BRDA:277,16,0,0
BRDA:277,16,1,0
BRDA:279,17,0,0
BRDA:279,17,1,0
BRDA:290,18,0,0
BRDA:290,18,1,0
BRDA:294,19,0,0
BRDA:294,19,1,0
BRDA:294,20,0,0
BRDA:294,20,1,0
BRDA:300,21,0,0
BRDA:300,21,1,0
BRDA:355,22,0,0
BRDA:355,22,1,0
BRDA:355,22,2,0
BRDA:355,22,3,0
BRDA:355,22,4,0
BRDA:355,22,5,0
BRDA:355,22,6,0
BRDA:355,22,7,0
BRDA:355,22,8,0
BRDA:362,23,0,0
BRDA:362,23,1,0
BRDA:368,24,0,0
BRDA:368,24,1,0
BRDA:380,25,0,0
BRDA:380,25,1,0
BRDA:419,26,0,0
BRDA:419,26,1,0
BRDA:440,27,0,0
BRDA:440,27,1,0
BRDA:446,28,0,0
BRDA:446,28,1,0
BRDA:465,29,0,0
BRDA:465,29,1,0
BRDA:475,30,0,0
BRDA:475,30,1,0
BRDA:475,31,0,0
BRDA:475,31,1,0
BRDA:495,32,0,0
BRDA:495,32,1,0
BRDA:505,33,0,0
BRDA:505,33,1,0
BRDA:528,34,0,0
BRDA:528,34,1,0
BRDA:528,34,2,0
BRDA:528,34,3,0
BRDA:528,34,4,0
BRDA:528,34,5,0
BRDA:528,34,6,0
BRDA:528,34,7,0
BRDA:528,34,8,0
BRDA:598,35,0,0
BRDA:598,35,1,0
BRDA:615,36,0,0
BRDA:615,36,1,0
BRDA:621,37,0,0
BRDA:621,37,1,0
BRDA:632,38,0,0
BRDA:632,38,1,0
BRF:92
BRH:0
end_of_record
TN:
SF:src\services\reminder-worker.service.ts
FN:23,processReminder
FN:84,processScheduledReminders
FN:140,releaseUnpaidDepositAppointments
FN:213,startReminderScheduler
FN:220,(anonymous_5)
FN:235,stopReminderScheduler
FN:252,shutdownWorker
FN:258,(anonymous_8)
FNF:8
FNH:0
FNDA:0,processReminder
FNDA:0,processScheduledReminders
FNDA:0,releaseUnpaidDepositAppointments
FNDA:0,startReminderScheduler
FNDA:0,(anonymous_5)
FNDA:0,stopReminderScheduler
FNDA:0,shutdownWorker
FNDA:0,(anonymous_8)
DA:1,0
DA:2,0
DA:3,0
DA:4,0
DA:11,0
DA:12,0
DA:13,0
DA:14,0
DA:17,0
DA:23,0
DA:33,0
DA:35,0
DA:36,0
DA:38,0
DA:42,0
DA:43,0
DA:47,0
DA:50,0
DA:51,0
DA:52,0
DA:54,0
DA:59,0
DA:61,0
DA:68,0
DA:69,0
DA:71,0
DA:72,0
DA:75,0
DA:76,0
DA:84,0
DA:86,0
DA:87,0
DA:90,0
DA:92,0
DA:93,0
DA:96,0
DA:119,0
DA:120,0
DA:122,0
DA:123,0
DA:126,0
DA:129,0
DA:131,0
DA:140,0
DA:142,0
DA:143,0
DA:146,0
DA:148,0
DA:149,0
DA:150,0
DA:156,0
DA:175,0
DA:176,0
DA:178,0
DA:179,0
DA:181,0
DA:192,0
DA:194,0
DA:196,0
DA:200,0
DA:203,0
DA:205,0
DA:213,0
DA:214,0
DA:215,0
DA:216,0
DA:220,0
DA:221,0
DA:222,0
DA:226,0
DA:229,0
DA:231,0
DA:232,0
DA:235,0
DA:236,0
DA:237,0
DA:238,0
DA:239,0
DA:241,0
DA:242,0
DA:243,0
DA:244,0
DA:252,0
DA:253,0
DA:256,0
DA:257,0
DA:258,0
DA:259,0
DA:262,0
LF:89
LH:0
BRDA:17,0,0,0
BRDA:17,0,1,0
BRDA:36,1,0,0
BRDA:36,1,1,0
BRDA:50,2,0,0
BRDA:50,2,1,0
BRDA:59,3,0,0
BRDA:59,3,1,0
BRDA:86,4,0,0
BRDA:86,4,1,0
BRDA:119,5,0,0
BRDA:119,5,1,0
BRDA:142,6,0,0
BRDA:142,6,1,0
BRDA:175,7,0,0
BRDA:175,7,1,0
BRDA:214,8,0,0
BRDA:214,8,1,0
BRDA:236,9,0,0
BRDA:236,9,1,0
BRDA:241,10,0,0
BRDA:241,10,1,0
BRDA:257,11,0,0
BRDA:257,11,1,0
BRDA:257,11,2,0
BRF:25
BRH:0
end_of_record
TN:
SF:src\services\slot-hold.service.ts
FN:30,createSlotHold
FN:41,(anonymous_2)
FN:138,releaseSlotHold
FN:176,checkSlotHold
FN:226,getHeldSlotsForDate
FN:238,(anonymous_6)
FN:254,cleanupExpiredHolds
FN:285,validateHoldForBooking
FN:325,consumeSlotHold
FNF:9
FNH:0
FNDA:0,createSlotHold
FNDA:0,(anonymous_2)
FNDA:0,releaseSlotHold
FNDA:0,checkSlotHold
FNDA:0,getHeldSlotsForDate
FNDA:0,(anonymous_6)
FNDA:0,cleanupExpiredHolds
FNDA:0,validateHoldForBooking
FNDA:0,consumeSlotHold
DA:1,1
DA:10,1
DA:30,1
DA:31,0
DA:33,0
DA:35,0
DA:38,0
DA:41,0
DA:43,0
DA:53,0
DA:55,0
DA:56,0
DA:63,0
DA:64,0
DA:68,0
DA:74,0
DA:83,0
DA:84,0
DA:88,0
DA:99,0
DA:105,0
DA:106,0
DA:107,0
DA:112,0
DA:113,0
DA:119,0
DA:120,0
DA:138,1
DA:139,0
DA:141,0
DA:143,0
DA:152,0
DA:154,0
DA:155,0
DA:176,1
DA:177,0
DA:179,0
DA:180,0
DA:190,0
DA:191,0
DA:197,0
DA:203,0
DA:204,0
DA:226,1
DA:227,0
DA:229,0
DA:230,0
DA:238,0
DA:245,0
DA:246,0
DA:254,1
DA:255,0
DA:256,0
DA:262,0
DA:263,0
DA:266,0
DA:268,0
DA:269,0
DA:285,1
DA:286,0
DA:288,0
DA:289,0
DA:300,0
DA:301,0
DA:304,0
DA:305,0
DA:308,0
DA:310,0
DA:311,0
DA:314,0
DA:316,0
DA:317,0
DA:325,1
DA:326,0
DA:328,0
DA:329,0
DA:339,0
LF:77
LH:9
BRDA:53,0,0,0
BRDA:53,0,1,0
BRDA:55,1,0,0
BRDA:55,1,1,0
BRDA:63,2,0,0
BRDA:63,2,1,0
BRDA:83,3,0,0
BRDA:83,3,1,0
BRDA:105,4,0,0
BRDA:105,4,1,0
BRDA:106,5,0,0
BRDA:106,5,1,0
BRDA:112,6,0,0
BRDA:112,6,1,0
BRDA:190,7,0,0
BRDA:190,7,1,0
BRDA:190,8,0,0
BRDA:190,8,1,0
BRDA:199,9,0,0
BRDA:199,9,1,0
BRDA:239,10,0,0
BRDA:239,10,1,0
BRDA:242,11,0,0
BRDA:242,11,1,0
BRDA:262,12,0,0
BRDA:262,12,1,0
BRDA:300,13,0,0
BRDA:300,13,1,0
BRDA:304,14,0,0
BRDA:304,14,1,0
BRDA:304,15,0,0
BRDA:304,15,1,0
BRDA:308,16,0,0
BRDA:308,16,1,0
BRF:34
BRH:0
end_of_record
TN:
SF:src\services\whatsapp.service.ts
FN:15,(anonymous_1)
FN:20,(anonymous_2)
FN:82,replaceVariables
FN:92,formatDateForMessage
FN:103,formatTimeForMessage
FN:114,formatWhatsAppNumber
FN:135,sendWhatsAppMessage
FN:175,sendWhatsAppInteractiveMessage
FN:197,(anonymous_9)
FN:222,sendBookingConfirmation
FN:280,sendReminder
FN:354,sendCancellationNotification
FN:415,scheduleRemindersForAppointment
FN:484,combineDateTime
FN:495,cancelScheduledReminders
FN:527,processIncomingMessage
FN:573,(anonymous_17)
FN:593,(anonymous_18)
FN:645,getMessageTemplates
FN:654,(anonymous_20)
FN:655,(anonymous_21)
FN:675,updateMessageTemplate
FN:697,getReminderSettings
FN:715,updateReminderSettings
FN:727,(anonymous_25)
FNF:25
FNH:0
FNDA:0,(anonymous_1)
FNDA:0,(anonymous_2)
FNDA:0,replaceVariables
FNDA:0,formatDateForMessage
FNDA:0,formatTimeForMessage
FNDA:0,formatWhatsAppNumber
FNDA:0,sendWhatsAppMessage
FNDA:0,sendWhatsAppInteractiveMessage
FNDA:0,(anonymous_9)
FNDA:0,sendBookingConfirmation
FNDA:0,sendReminder
FNDA:0,sendCancellationNotification
FNDA:0,scheduleRemindersForAppointment
FNDA:0,combineDateTime
FNDA:0,cancelScheduledReminders
FNDA:0,processIncomingMessage
FNDA:0,(anonymous_17)
FNDA:0,(anonymous_18)
FNDA:0,getMessageTemplates
FNDA:0,(anonymous_20)
FNDA:0,(anonymous_21)
FNDA:0,updateMessageTemplate
FNDA:0,getReminderSettings
FNDA:0,updateReminderSettings
FNDA:0,(anonymous_25)
DA:1,0
DA:2,0
DA:3,0
DA:8,0
DA:10,0
DA:11,0
DA:12,0
DA:15,0
DA:16,0
DA:20,0
DA:21,0
DA:22,0
DA:24,0
DA:25,0
DA:27,0
DA:36,0
DA:83,0
DA:84,0
DA:85,0
DA:86,0
DA:87,0
DA:88,0
DA:89,0
DA:93,0
DA:94,0
DA:104,0
DA:105,0
DA:116,0
DA:119,0
DA:120,0
DA:123,0
DA:135,0
DA:136,0
DA:137,0
DA:138,0
DA:139,0
DA:140,0
DA:143,0
DA:144,0
DA:145,0
DA:148,0
DA:150,0
DA:156,0
DA:157,0
DA:159,0
DA:160,0
DA:175,0
DA:180,0
DA:181,0
DA:182,0
DA:183,0
DA:184,0
DA:187,0
DA:188,0
DA:189,0
DA:192,0
DA:197,0
DA:198,0
DA:200,0
DA:206,0
DA:207,0
DA:209,0
DA:210,0
DA:222,0
DA:223,0
DA:225,0
DA:240,0
DA:241,0
DA:242,0
DA:246,0
DA:247,0
DA:250,0
DA:259,0
DA:262,0
DA:267,0
DA:268,0
DA:280,0
DA:281,0
DA:283,0
DA:298,0
DA:299,0
DA:300,0
DA:304,0
DA:305,0
DA:306,0
DA:310,0
DA:311,0
DA:314,0
DA:323,0
DA:326,0
DA:332,0
DA:333,0
DA:339,0
DA:341,0
DA:342,0
DA:354,0
DA:355,0
DA:357,0
DA:372,0
DA:373,0
DA:374,0
DA:378,0
DA:379,0
DA:382,0
DA:391,0
DA:394,0
DA:399,0
DA:400,0
DA:415,0
DA:421,0
DA:423,0
DA:429,0
DA:430,0
DA:431,0
DA:433,0
DA:440,0
DA:444,0
DA:448,0
DA:451,0
DA:452,0
DA:453,0
DA:456,0
DA:457,0
DA:460,0
DA:462,0
DA:463,0
DA:464,0
DA:469,0
DA:470,0
DA:480,0
DA:485,0
DA:486,0
DA:487,0
DA:488,0
DA:495,0
DA:496,0
DA:497,0
DA:507,0
DA:527,0
DA:528,0
DA:530,0
DA:533,0
DA:558,0
DA:559,0
DA:566,0
DA:567,0
DA:570,0
DA:571,0
DA:573,0
DA:575,0
DA:581,0
DA:586,0
DA:593,0
DA:595,0
DA:606,0
DA:609,0
DA:614,0
DA:622,0
DA:627,0
DA:633,0
DA:634,0
DA:645,0
DA:646,0
DA:652,0
DA:654,0
DA:655,0
DA:656,0
DA:675,0
DA:676,0
DA:697,0
DA:698,0
DA:715,0
DA:720,0
DA:725,0
DA:726,0
DA:727,0
DA:737,0
LF:177
LH:0
BRDA:10,0,0,0
BRDA:10,0,1,0
BRDA:11,1,0,0
BRDA:11,1,1,0
BRDA:12,2,0,0
BRDA:12,2,1,0
BRDA:16,3,0,0
BRDA:16,3,1,0
BRDA:21,4,0,0
BRDA:21,4,1,0
BRDA:24,5,0,0
BRDA:24,5,1,0
BRDA:93,6,0,0
BRDA:93,6,1,0
BRDA:104,7,0,0
BRDA:104,7,1,0
BRDA:119,8,0,0
BRDA:119,8,1,0
BRDA:138,9,0,0
BRDA:138,9,1,0
BRDA:143,10,0,0
BRDA:143,10,1,0
BRDA:182,11,0,0
BRDA:182,11,1,0
BRDA:187,12,0,0
BRDA:187,12,1,0
BRDA:197,13,0,0
BRDA:197,13,1,0
BRDA:240,14,0,0
BRDA:240,14,1,0
BRDA:247,15,0,0
BRDA:247,15,1,0
BRDA:298,16,0,0
BRDA:298,16,1,0
BRDA:304,17,0,0
BRDA:304,17,1,0
BRDA:304,18,0,0
BRDA:304,18,1,0
BRDA:304,18,2,0
BRDA:311,19,0,0
BRDA:311,19,1,0
BRDA:332,20,0,0
BRDA:332,20,1,0
BRDA:332,21,0,0
BRDA:332,21,1,0
BRDA:332,21,2,0
BRDA:372,22,0,0
BRDA:372,22,1,0
BRDA:379,23,0,0
BRDA:379,23,1,0
BRDA:429,24,0,0
BRDA:429,24,1,0
BRDA:448,25,0,0
BRDA:448,25,1,0
BRDA:456,26,0,0
BRDA:456,26,1,0
BRDA:460,27,0,0
BRDA:460,27,1,0
BRDA:460,28,0,0
BRDA:460,28,1,0
BRDA:469,29,0,0
BRDA:469,29,1,0
BRDA:558,30,0,0
BRDA:558,30,1,0
BRDA:558,31,0,0
BRDA:558,31,1,0
BRDA:573,32,0,0
BRDA:573,32,1,0
BRDA:593,33,0,0
BRDA:593,33,1,0
BRDA:658,34,0,0
BRDA:658,34,1,0
BRDA:660,35,0,0
BRDA:660,35,1,0
BRDA:725,36,0,0
BRDA:725,36,1,0
BRF:76
BRH:0
end_of_record
TN:
SF:src\types\index.ts
FN:10,(anonymous_0)
FN:15,(anonymous_1)
FN:25,(anonymous_2)
FN:30,(anonymous_3)
FN:37,(anonymous_4)
FN:42,(anonymous_5)
FN:49,(anonymous_6)
FN:55,(anonymous_7)
FNF:8
FNH:0
FNDA:0,(anonymous_0)
FNDA:0,(anonymous_1)
FNDA:0,(anonymous_2)
FNDA:0,(anonymous_3)
FNDA:0,(anonymous_4)
FNDA:0,(anonymous_5)
FNDA:0,(anonymous_6)
FNDA:0,(anonymous_7)
DA:10,0
DA:11,0
DA:12,0
DA:15,0
DA:16,0
DA:17,0
DA:18,0
DA:19,0
DA:20,0
DA:21,0
DA:22,0
DA:25,0
DA:26,0
DA:27,0
DA:30,0
DA:31,0
DA:32,0
DA:33,0
DA:34,0
DA:37,0
DA:38,0
DA:39,0
DA:42,0
DA:43,0
DA:44,0
DA:45,0
DA:46,0
DA:49,0
DA:50,0
DA:51,0
DA:52,0
DA:55,0
DA:56,0
DA:57,0
DA:58,0
DA:59,0
LF:36
LH:0
BRDA:10,0,0,0
BRDA:10,0,1,0
BRDA:15,1,0,0
BRDA:15,1,1,0
BRDA:25,2,0,0
BRDA:25,2,1,0
BRDA:30,3,0,0
BRDA:30,3,1,0
BRDA:37,4,0,0
BRDA:37,4,1,0
BRDA:42,5,0,0
BRDA:42,5,1,0
BRDA:49,6,0,0
BRDA:49,6,1,0
BRDA:55,7,0,0
BRDA:55,7,1,0
BRF:16
BRH:0
end_of_record
TN:
SF:src\utils\env-validator.ts
FN:58,validateEnvVar
FN:180,validateEnvironment
FN:241,printValidationResults
FN:247,(anonymous_3)
FN:260,(anonymous_4)
FN:279,validateEnvironmentOrExit
FNF:6
FNH:0
FNDA:0,validateEnvVar
FNDA:0,validateEnvironment
FNDA:0,printValidationResults
FNDA:0,(anonymous_3)
FNDA:0,(anonymous_4)
FNDA:0,validateEnvironmentOrExit
DA:21,0
DA:64,0
DA:65,0
DA:66,0
DA:71,0
DA:79,0
DA:81,0
DA:82,0
DA:83,0
DA:88,0
DA:91,0
DA:92,0
DA:97,0
DA:100,0
DA:101,0
DA:106,0
DA:109,0
DA:110,0
DA:115,0
DA:116,0
DA:121,0
DA:126,0
DA:127,0
DA:129,0
DA:134,0
DA:137,0
DA:138,0
DA:143,0
DA:146,0
DA:147,0
DA:152,0
DA:155,0
DA:156,0
DA:161,0
DA:164,0
DA:165,0
DA:166,0
DA:171,0
DA:174,0
DA:180,0
DA:181,0
DA:182,0
DA:183,0
DA:186,0
DA:187,0
DA:188,0
DA:189,0
DA:191,0
DA:192,0
DA:197,0
DA:198,0
DA:199,0
DA:200,0
DA:201,0
DA:203,0
DA:204,0
DA:209,0
DA:210,0
DA:211,0
DA:212,0
DA:218,0
DA:219,0
DA:220,0
DA:221,0
DA:222,0
DA:223,0
DA:225,0
DA:226,0
DA:231,0
DA:241,0
DA:242,0
DA:243,0
DA:244,0
DA:245,0
DA:246,0
DA:247,0
DA:248,0
DA:250,0
DA:251,0
DA:252,0
DA:253,0
DA:256,0
DA:257,0
DA:258,0
DA:259,0
DA:260,0
DA:261,0
DA:263,0
DA:266,0
DA:267,0
DA:268,0
DA:269,0
DA:271,0
DA:279,0
DA:280,0
DA:281,0
DA:283,0
DA:284,0
DA:285,0
LF:99
LH:0
BRDA:64,0,0,0
BRDA:64,0,1,0
BRDA:64,1,0,0
BRDA:64,1,1,0
BRDA:65,2,0,0
BRDA:65,2,1,0
BRDA:79,3,0,0
BRDA:79,3,1,0
BRDA:79,3,2,0
BRDA:79,3,3,0
BRDA:79,3,4,0
BRDA:79,3,5,0
BRDA:79,3,6,0
BRDA:79,3,7,0
BRDA:79,3,8,0
BRDA:79,3,9,0
BRDA:79,3,10,0
BRDA:82,4,0,0
BRDA:82,4,1,0
BRDA:82,5,0,0
BRDA:82,5,1,0
BRDA:82,5,2,0
BRDA:91,6,0,0
BRDA:91,6,1,0
BRDA:100,7,0,0
BRDA:100,7,1,0
BRDA:100,8,0,0
BRDA:100,8,1,0
BRDA:109,9,0,0
BRDA:109,9,1,0
BRDA:115,10,0,0
BRDA:115,10,1,0
BRDA:115,11,0,0
BRDA:115,11,1,0
BRDA:137,12,0,0
BRDA:137,12,1,0
BRDA:146,13,0,0
BRDA:146,13,1,0
BRDA:155,14,0,0
BRDA:155,14,1,0
BRDA:165,15,0,0
BRDA:165,15,1,0
BRDA:165,16,0,0
BRDA:165,16,1,0
BRDA:165,16,2,0
BRDA:188,17,0,0
BRDA:188,17,1,0
BRDA:188,18,0,0
BRDA:188,18,1,0
BRDA:191,19,0,0
BRDA:191,19,1,0
BRDA:197,20,0,0
BRDA:197,20,1,0
BRDA:200,21,0,0
BRDA:200,21,1,0
BRDA:200,22,0,0
BRDA:200,22,1,0
BRDA:203,23,0,0
BRDA:203,23,1,0
BRDA:211,24,0,0
BRDA:211,24,1,0
BRDA:211,25,0,0
BRDA:211,25,1,0
BRDA:220,26,0,0
BRDA:220,26,1,0
BRDA:220,27,0,0
BRDA:220,27,1,0
BRDA:222,28,0,0
BRDA:222,28,1,0
BRDA:222,29,0,0
BRDA:222,29,1,0
BRDA:225,30,0,0
BRDA:225,30,1,0
BRDA:242,31,0,0
BRDA:242,31,1,0
BRDA:256,32,0,0
BRDA:256,32,1,0
BRDA:266,33,0,0
BRDA:266,33,1,0
BRDA:266,34,0,0
BRDA:266,34,1,0
BRDA:268,35,0,0
BRDA:268,35,1,0
BRDA:283,36,0,0
BRDA:283,36,1,0
BRF:85
BRH:0
end_of_record
TN:
SF:src\utils\google.ts
FN:18,(anonymous_0)
FN:46,(anonymous_1)
FN:59,(anonymous_2)
FNF:3
FNH:0
FNDA:0,(anonymous_0)
FNDA:0,(anonymous_1)
FNDA:0,(anonymous_2)
DA:1,0
DA:3,0
DA:4,0
DA:6,0
DA:18,0
DA:19,0
DA:20,0
DA:25,0
DA:27,0
DA:28,0
DA:31,0
DA:40,0
DA:41,0
DA:46,0
DA:47,0
DA:55,0
DA:59,0
DA:60,0
DA:61,0
DA:63,0
DA:64,0
DA:65,0
DA:68,0
LF:23
LH:0
BRDA:3,0,0,0
BRDA:3,0,1,0
BRDA:4,1,0,0
BRDA:4,1,1,0
BRDA:27,2,0,0
BRDA:27,2,1,0
BRDA:33,3,0,0
BRDA:33,3,1,0
BRDA:34,4,0,0
BRDA:34,4,1,0
BRDA:35,5,0,0
BRDA:35,5,1,0
BRDA:36,6,0,0
BRDA:36,6,1,0
BRDA:55,7,0,0
BRDA:55,7,1,0
BRF:16
BRH:0
end_of_record
TN:
SF:src\utils\jwt.ts
FN:29,(anonymous_1)
FN:43,(anonymous_2)
FN:51,(anonymous_3)
FNF:3
FNH:0
FNDA:0,(anonymous_1)
FNDA:0,(anonymous_2)
FNDA:0,(anonymous_3)
DA:1,0
DA:18,0
DA:19,0
DA:20,0
DA:27,0
DA:29,0
DA:30,0
DA:36,0
DA:40,0
DA:43,0
DA:44,0
DA:45,0
DA:47,0
DA:51,0
DA:52,0
DA:53,0
DA:55,0
LF:17
LH:0
BRDA:19,0,0,0
BRDA:19,0,1,0
BRDA:27,1,0,0
BRDA:27,1,1,0
BRF:4
BRH:0
end_of_record
TN:
SF:src\utils\logger.ts
FN:26,(anonymous_1)
FN:94,createLogger
FN:101,logRequest
FN:115,logError
FN:129,logCritical
FN:141,(anonymous_6)
FN:145,(anonymous_7)
FN:149,(anonymous_8)
FN:153,(anonymous_9)
FN:157,(anonymous_10)
FN:161,(anonymous_11)
FNF:11
FNH:0
FNDA:0,(anonymous_1)
FNDA:0,createLogger
FNDA:0,logRequest
FNDA:0,logError
FNDA:0,logCritical
FNDA:0,(anonymous_6)
FNDA:0,(anonymous_7)
FNDA:0,(anonymous_8)
FNDA:0,(anonymous_9)
FNDA:0,(anonymous_10)
FNDA:0,(anonymous_11)
DA:13,0
DA:14,0
DA:17,0
DA:20,0
DA:23,0
DA:27,0
DA:30,0
DA:31,0
DA:34,0
DA:39,0
DA:46,0
DA:54,0
DA:56,0
DA:67,0
DA:78,0
DA:94,0
DA:95,0
DA:101,0
DA:102,0
DA:115,0
DA:116,0
DA:129,0
DA:130,0
DA:140,0
DA:142,0
DA:146,0
DA:150,0
DA:154,0
DA:158,0
DA:162,0
DA:167,0
DA:168,0
DA:169,0
DA:170,0
DA:171,0
DA:176,0
LF:36
LH:0
BRDA:17,0,0,0
BRDA:17,0,1,0
BRDA:30,1,0,0
BRDA:30,1,1,0
BRDA:49,2,0,0
BRDA:49,2,1,0
BRDA:54,3,0,0
BRDA:54,3,1,0
BRDA:108,4,0,0
BRDA:108,4,1,0
BRDA:167,5,0,0
BRDA:167,5,1,0
BRDA:170,6,0,0
BRDA:170,6,1,0
BRDA:178,7,0,0
BRDA:178,7,1,0
BRF:16
BRH:0
end_of_record
TN:
SF:src\utils\mercadopago.ts
FN:14,validateMercadoPagoSignature
FN:85,shouldValidateSignature
FNF:2
FNH:0
FNDA:0,validateMercadoPagoSignature
FNDA:0,shouldValidateSignature
DA:1,0
DA:14,0
DA:19,0
DA:20,0
DA:23,0
DA:24,0
DA:25,0
DA:26,0
DA:31,0
DA:32,0
DA:33,0
DA:38,0
DA:39,0
DA:40,0
DA:42,0
DA:43,0
DA:44,0
DA:45,0
DA:48,0
DA:49,0
DA:50,0
DA:54,0
DA:57,0
DA:63,0
DA:68,0
DA:69,0
DA:70,0
DA:71,0
DA:72,0
DA:75,0
DA:77,0
DA:78,0
DA:85,0
DA:87,0
DA:88,0
DA:92,0
LF:36
LH:0
BRDA:23,0,0,0
BRDA:23,0,1,0
BRDA:24,1,0,0
BRDA:24,1,1,0
BRDA:31,2,0,0
BRDA:31,2,1,0
BRDA:44,3,0,0
BRDA:44,3,1,0
BRDA:45,4,0,0
BRDA:45,4,1,0
BRDA:48,5,0,0
BRDA:48,5,1,0
BRDA:48,6,0,0
BRDA:48,6,1,0
BRDA:68,7,0,0
BRDA:68,7,1,0
BRDA:87,8,0,0
BRDA:87,8,1,0
BRF:18
BRH:0
end_of_record
TN:
SF:src\utils\password.ts
FN:35,(anonymous_1)
FN:74,(anonymous_2)
FN:91,(anonymous_3)
FN:102,(anonymous_4)
FNF:4
FNH:0
FNDA:0,(anonymous_1)
FNDA:0,(anonymous_2)
FNDA:0,(anonymous_3)
FNDA:0,(anonymous_4)
DA:1,0
DA:11,0
DA:14,0
DA:15,0
DA:35,0
DA:36,0
DA:38,0
DA:39,0
DA:42,0
DA:43,0
DA:46,0
DA:47,0
DA:50,0
DA:51,0
DA:54,0
DA:55,0
DA:63,0
DA:74,0
DA:76,0
DA:77,0
DA:78,0
DA:81,0
DA:91,0
DA:93,0
DA:102,0
DA:103,0
DA:105,0
DA:106,0
DA:109,0
LF:29
LH:0
BRDA:38,0,0,0
BRDA:38,0,1,0
BRDA:42,1,0,0
BRDA:42,1,1,0
BRDA:46,2,0,0
BRDA:46,2,1,0
BRDA:50,3,0,0
BRDA:50,3,1,0
BRDA:54,4,0,0
BRDA:54,4,1,0
BRDA:77,5,0,0
BRDA:77,5,1,0
BRF:12
BRH:0
end_of_record
TN:
SF:src\utils\sanitize.ts
FN:24,(anonymous_0)
FN:45,(anonymous_1)
FN:65,(anonymous_2)
FN:92,(anonymous_3)
FNF:4
FNH:0
FNDA:0,(anonymous_0)
FNDA:0,(anonymous_1)
FNDA:0,(anonymous_2)
FNDA:0,(anonymous_3)
DA:10,0
DA:15,0
DA:24,0
DA:27,0
DA:29,0
DA:31,0
DA:32,0
DA:33,0
DA:37,0
DA:45,0
DA:48,0
DA:50,0
DA:52,0
DA:53,0
DA:54,0
DA:58,0
DA:65,0
DA:68,0
DA:70,0
DA:73,0
DA:74,0
DA:75,0
DA:80,0
DA:81,0
DA:82,0
DA:87,0
DA:88,0
DA:89,0
DA:90,0
DA:91,0
DA:92,0
DA:93,0
DA:98,0
DA:105,0
DA:124,0
LF:35
LH:0
BRDA:27,0,0,0
BRDA:27,0,1,0
BRDA:32,1,0,0
BRDA:32,1,1,0
BRDA:48,2,0,0
BRDA:48,2,1,0
BRDA:53,3,0,0
BRDA:53,3,1,0
BRDA:68,4,0,0
BRDA:68,4,1,0
BRDA:74,5,0,0
BRDA:74,5,1,0
BRDA:81,6,0,0
BRDA:81,6,1,0
BRDA:89,7,0,0
BRDA:89,7,1,0
BRDA:89,8,0,0
BRDA:89,8,1,0
BRDA:89,8,2,0
BRDA:91,9,0,0
BRDA:91,9,1,0
BRDA:93,10,0,0
BRDA:93,10,1,0
BRDA:93,11,0,0
BRDA:93,11,1,0
BRF:25
BRH:0
end_of_record
TN:
SF:src\validators\auth.validator.ts
FN:17,(anonymous_0)
FN:33,(anonymous_1)
FN:46,(anonymous_2)
FNF:3
FNH:0
FNDA:0,(anonymous_0)
FNDA:0,(anonymous_1)
FNDA:0,(anonymous_2)
DA:6,0
DA:12,0
DA:17,0
DA:28,0
DA:33,0
DA:46,0
DA:52,0
LF:7
LH:0
BRF:0
BRH:0
end_of_record
TN:
SF:src\validators\booking.validator.ts
FN:27,(anonymous_0)
FN:32,(anonymous_1)
FN:37,(anonymous_2)
FN:41,(anonymous_3)
FN:51,(anonymous_4)
FNF:5
FNH:0
FNDA:0,(anonymous_0)
FNDA:0,(anonymous_1)
FNDA:0,(anonymous_2)
FNDA:0,(anonymous_3)
FNDA:0,(anonymous_4)
DA:6,0
DA:9,0
DA:12,0
DA:15,0
DA:21,0
DA:27,0
DA:32,0
DA:37,0
DA:41,0
DA:52,0
DA:53,0
DA:54,0
DA:55,0
DA:76,0
DA:86,0
DA:102,0
LF:16
LH:0
BRF:0
BRH:0
end_of_record
